#
# There is insufficient memory for the Java Runtime Environment to continue.
# Native memory allocation (mmap) failed to map 65536 bytes for Failed to commit metaspace.
# Possible reasons:
#   The system is out of physical RAM or swap space
#   The process is running with CompressedOops enabled, and the Java Heap may be blocking the growth of the native heap
# Possible solutions:
#   Reduce memory load on the system
#   Increase physical memory or swap space
#   Check if swap backing store is full
#   Decrease Java heap size (-Xmx/-Xms)
#   Decrease number of Java threads
#   Decrease Java thread stack sizes (-Xss)
#   Set larger code cache with -XX:ReservedCodeCacheSize=
#   JVM is running with Unscaled Compressed Oops mode in which the Java heap is
#     placed in the first 4GB address space. The Java Heap base address is the
#     maximum limit for the native heap growth. Please use -XX:HeapBaseMinAddress
#     to set the Java Heap base and to place the Java Heap above 4GB virtual address.
# This output file may be truncated or incomplete.
#
#  Out of Memory Error (virtualSpaceNode.cpp:110), pid=7424, tid=8660
#
# JRE version: Java(TM) SE Runtime Environment (17.0.12+8) (build 17.0.12+8-LTS-286)
# Java VM: Java HotSpot(TM) 64-Bit Server VM (17.0.12+8-LTS-286, mixed mode, sharing, tiered, compressed oops, compressed class ptrs, g1 gc, windows-amd64)
# No core dump will be written. Minidumps are not enabled by default on client versions of Windows
#

---------------  S U M M A R Y ------------

Command Line: -Dclassworlds.conf=C:\Program Files\Maven\apache-maven-3.9.9\bin\m2.conf -Dmaven.home=C:\Program Files\Maven\apache-maven-3.9.9 -Dlibrary.jansi.path=C:\Program Files\Maven\apache-maven-3.9.9\lib\jansi-native -Dmaven.multiModuleProjectDirectory=C:\AEM Training Projects\aem\codebase\myTraining org.codehaus.plexus.classworlds.launcher.Launcher cleanhhfhg

Host: AMD PRO A4-4350B R4, 5 COMPUTE CORES 2C+3G     , 2 cores, 3G,  Windows 10 , 64 bit Build 19041 (10.0.19041.5438)
Time: Mon Mar 24 12:58:34 2025 India Standard Time elapsed time: 3.168107 seconds (0d 0h 0m 3s)

---------------  T H R E A D  ---------------

Current thread (0x000001c8389b4d30):  JavaThread "main" [_thread_in_vm, id=8660, stack(0x0000009483700000,0x0000009483800000)]

Stack: [0x0000009483700000,0x0000009483800000]
Native frames: (J=compiled Java code, j=interpreted, Vv=VM code, C=native code)
V  [jvm.dll+0x67a04a]
V  [jvm.dll+0x7da4ed]
V  [jvm.dll+0x7dbe33]
V  [jvm.dll+0x7dc4a3]
V  [jvm.dll+0x24508f]
V  [jvm.dll+0x7d60bb]
V  [jvm.dll+0x6206c6]
V  [jvm.dll+0x1bed07]
V  [jvm.dll+0x623022]
V  [jvm.dll+0x621086]
V  [jvm.dll+0x23a7d6]
V  [jvm.dll+0x1e8e87]
V  [jvm.dll+0x1dea41]
V  [jvm.dll+0x53f78c]
V  [jvm.dll+0x75553d]
V  [jvm.dll+0x75549a]
V  [jvm.dll+0x40d863]
V  [jvm.dll+0x421cac]
C  [java.dll+0x1657]

Java frames: (J=compiled Java code, j=interpreted, Vv=VM code)
j  java.lang.ClassLoader.defineClass0(Ljava/lang/ClassLoader;Ljava/lang/Class;Ljava/lang/String;[BIILjava/security/ProtectionDomain;ZILjava/lang/Object;)Ljava/lang/Class;+0 java.base@17.0.12
j  java.lang.System$2.defineClass(Ljava/lang/ClassLoader;Ljava/lang/Class;Ljava/lang/String;[BLjava/security/ProtectionDomain;ZILjava/lang/Object;)Ljava/lang/Class;+17 java.base@17.0.12
j  java.lang.invoke.MethodHandles$Lookup$ClassDefiner.defineClass(ZLjava/lang/Object;)Ljava/lang/Class;+54 java.base@17.0.12
j  java.lang.invoke.InvokerBytecodeGenerator.loadMethod([B)Ljava/lang/invoke/MemberName;+16 java.base@17.0.12
j  java.lang.invoke.InvokerBytecodeGenerator.generateCustomizedCode(Ljava/lang/invoke/LambdaForm;Ljava/lang/invoke/MethodType;)Ljava/lang/invoke/MemberName;+30 java.base@17.0.12
j  java.lang.invoke.LambdaForm.compileToBytecode()V+69 java.base@17.0.12
j  java.lang.invoke.DirectMethodHandle.makePreparedLambdaForm(Ljava/lang/invoke/MethodType;I)Ljava/lang/invoke/LambdaForm;+792 java.base@17.0.12
j  java.lang.invoke.DirectMethodHandle.preparedLambdaForm(Ljava/lang/invoke/MethodType;I)Ljava/lang/invoke/LambdaForm;+17 java.base@17.0.12
j  java.lang.invoke.DirectMethodHandle.preparedLambdaForm(Ljava/lang/invoke/MemberName;Z)Ljava/lang/invoke/LambdaForm;+159 java.base@17.0.12
j  java.lang.invoke.DirectMethodHandle.make(BLjava/lang/Class;Ljava/lang/invoke/MemberName;Ljava/lang/Class;)Ljava/lang/invoke/DirectMethodHandle;+140 java.base@17.0.12
j  java.lang.invoke.MethodHandles$Lookup.getDirectMethodCommon(BLjava/lang/Class;Ljava/lang/invoke/MemberName;ZZLjava/lang/invoke/MethodHandles$Lookup;)Ljava/lang/invoke/MethodHandle;+210 java.base@17.0.12
j  java.lang.invoke.MethodHandles$Lookup.getDirectMethodNoSecurityManager(BLjava/lang/Class;Ljava/lang/invoke/MemberName;Ljava/lang/invoke/MethodHandles$Lookup;)Ljava/lang/invoke/MethodHandle;+14 java.base@17.0.12
j  java.lang.invoke.MethodHandles$Lookup.getDirectMethodForConstant(BLjava/lang/Class;Ljava/lang/invoke/MemberName;)Ljava/lang/invoke/MethodHandle;+31 java.base@17.0.12
j  java.lang.invoke.MethodHandles$Lookup.linkMethodHandleConstant(BLjava/lang/Class;Ljava/lang/String;Ljava/lang/Object;)Ljava/lang/invoke/MethodHandle;+153 java.base@17.0.12
j  java.lang.invoke.MethodHandleNatives.linkMethodHandleConstant(Ljava/lang/Class;ILjava/lang/Class;Ljava/lang/String;Ljava/lang/Object;)Ljava/lang/invoke/MethodHandle;+38 java.base@17.0.12
v  ~StubRoutines::call_stub
j  com.google.inject.spi.BindingSourceRestriction.getPermits(Ljava/lang/Class;)Ljava/util/stream/Stream;+33
j  com.google.inject.spi.BindingSourceRestriction.access$500(Ljava/lang/Class;)Ljava/util/stream/Stream;+1
j  com.google.inject.spi.BindingSourceRestriction$PermitMapConstruction.pushModule(Ljava/lang/Class;Lcom/google/inject/spi/ModuleSource;)V+1
j  com.google.inject.spi.Elements$RecordingBinder.install(Lcom/google/inject/Module;)V+130
j  com.google.inject.spi.Elements.getElements(Lcom/google/inject/Stage;Ljava/lang/Iterable;)Ljava/util/List;+40
j  com.google.inject.internal.InjectorShell$Builder.build(Lcom/google/inject/internal/Initializer;Lcom/google/inject/internal/ProcessedBindingData;Lcom/google/inject/internal/util/ContinuousStopwatch;Lcom/google/inject/internal/Errors;)Ljava/util/List;+163
j  com.google.inject.internal.InternalInjectorCreator.build()Lcom/google/inject/Injector;+48
j  com.google.inject.Guice.createInjector(Lcom/google/inject/Stage;Ljava/lang/Iterable;)Lcom/google/inject/Injector;+15
j  com.google.inject.Guice.createInjector(Ljava/lang/Iterable;)Lcom/google/inject/Injector;+4
j  com.google.inject.Guice.createInjector([Lcom/google/inject/Module;)Lcom/google/inject/Injector;+4
j  org.codehaus.plexus.DefaultPlexusContainer.addPlexusInjector(Ljava/util/List;[Lcom/google/inject/Module;)Lcom/google/inject/Injector;+88
j  org.codehaus.plexus.DefaultPlexusContainer.<init>(Lorg/codehaus/plexus/ContainerConfiguration;[Lcom/google/inject/Module;)V+406
j  org.apache.maven.cli.MavenCli.container(Lorg/apache/maven/cli/CliRequest;)Lorg/codehaus/plexus/PlexusContainer;+279
j  org.apache.maven.cli.MavenCli.doMain(Lorg/apache/maven/cli/CliRequest;)I+34
j  org.apache.maven.cli.MavenCli.main([Ljava/lang/String;Lorg/codehaus/plexus/classworlds/ClassWorld;)I+24
v  ~StubRoutines::call_stub
j  jdk.internal.reflect.NativeMethodAccessorImpl.invoke0(Ljava/lang/reflect/Method;Ljava/lang/Object;[Ljava/lang/Object;)Ljava/lang/Object;+0 java.base@17.0.12
j  jdk.internal.reflect.NativeMethodAccessorImpl.invoke(Ljava/lang/Object;[Ljava/lang/Object;)Ljava/lang/Object;+133 java.base@17.0.12
j  jdk.internal.reflect.DelegatingMethodAccessorImpl.invoke(Ljava/lang/Object;[Ljava/lang/Object;)Ljava/lang/Object;+6 java.base@17.0.12
j  java.lang.reflect.Method.invoke(Ljava/lang/Object;[Ljava/lang/Object;)Ljava/lang/Object;+59 java.base@17.0.12
j  org.codehaus.plexus.classworlds.launcher.Launcher.launchEnhanced([Ljava/lang/String;)V+45
j  org.codehaus.plexus.classworlds.launcher.Launcher.launch([Ljava/lang/String;)V+2
j  org.codehaus.plexus.classworlds.launcher.Launcher.mainWithExitCode([Ljava/lang/String;)I+108
j  org.codehaus.plexus.classworlds.launcher.Launcher.main([Ljava/lang/String;)V+1
v  ~StubRoutines::call_stub

---------------  P R O C E S S  ---------------

Threads class SMR info:
_java_thread_list=0x000001c853ce8e40, length=12, elements={
0x000001c8389b4d30, 0x000001c838a66410, 0x000001c838a68b80, 0x000001c838a7c4d0,
0x000001c838a7d8a0, 0x000001c838a80270, 0x000001c838a80c30, 0x000001c838a821e0,
0x000001c838a8d820, 0x000001c853833290, 0x000001c8539f65e0, 0x000001c8539fd740
}

Java Threads: ( => current thread )
=>0x000001c8389b4d30 JavaThread "main" [_thread_in_vm, id=8660, stack(0x0000009483700000,0x0000009483800000)]
  0x000001c838a66410 JavaThread "Reference Handler" daemon [_thread_blocked, id=7276, stack(0x0000009483e00000,0x0000009483f00000)]
  0x000001c838a68b80 JavaThread "Finalizer" daemon [_thread_blocked, id=7376, stack(0x0000009483f00000,0x0000009484000000)]
  0x000001c838a7c4d0 JavaThread "Signal Dispatcher" daemon [_thread_blocked, id=6448, stack(0x0000009484000000,0x0000009484100000)]
  0x000001c838a7d8a0 JavaThread "Attach Listener" daemon [_thread_blocked, id=636, stack(0x0000009484100000,0x0000009484200000)]
  0x000001c838a80270 JavaThread "Service Thread" daemon [_thread_blocked, id=6620, stack(0x0000009484200000,0x0000009484300000)]
  0x000001c838a80c30 JavaThread "Monitor Deflation Thread" daemon [_thread_blocked, id=2068, stack(0x0000009484300000,0x0000009484400000)]
  0x000001c838a821e0 JavaThread "C2 CompilerThread0" daemon [_thread_blocked, id=8200, stack(0x0000009484400000,0x0000009484500000)]
  0x000001c838a8d820 JavaThread "C1 CompilerThread0" daemon [_thread_blocked, id=9048, stack(0x0000009484500000,0x0000009484600000)]
  0x000001c853833290 JavaThread "Sweeper thread" daemon [_thread_blocked, id=2476, stack(0x0000009484600000,0x0000009484700000)]
  0x000001c8539f65e0 JavaThread "Notification Thread" daemon [_thread_blocked, id=2436, stack(0x0000009484700000,0x0000009484800000)]
  0x000001c8539fd740 JavaThread "Common-Cleaner" daemon [_thread_blocked, id=2036, stack(0x0000009484900000,0x0000009484a00000)]

Other Threads:
  0x000001c838a5e790 VMThread "VM Thread" [stack: 0x0000009483d00000,0x0000009483e00000] [id=5976] _threads_hazard_ptr=0x000001c853ce8e40
  0x000001c8539fb2f0 WatcherThread [stack: 0x0000009484800000,0x0000009484900000] [id=7804]
  0x000001c8389f01b0 GCTaskThread "GC Thread#0" [stack: 0x0000009483800000,0x0000009483900000] [id=4016]
  0x000001c853ce0b20 GCTaskThread "GC Thread#1" [stack: 0x0000009484a00000,0x0000009484b00000] [id=6848]
  0x000001c8389f8d80 ConcurrentGCThread "G1 Main Marker" [stack: 0x0000009483900000,0x0000009483a00000] [id=6396]
  0x000001c8389fa070 ConcurrentGCThread "G1 Conc#0" [stack: 0x0000009483a00000,0x0000009483b00000] [id=4616]
  0x000001c838a3ea90 ConcurrentGCThread "G1 Refine#0" [stack: 0x0000009483b00000,0x0000009483c00000] [id=7540]
  0x000001c838a3f4c0 ConcurrentGCThread "G1 Service" [stack: 0x0000009483c00000,0x0000009483d00000] [id=7876]

Threads with active compile tasks:

VM state: synchronizing (normal execution)

VM Mutex/Monitor currently owned by a thread:  ([mutex/lock_event])
[0x000001c8389adf80] Metaspace_lock - owner thread: 0x000001c8389b4d30
[0x000001c8389b0f20] Threads_lock - owner thread: 0x000001c838a5e790

Heap address: 0x00000000c1c00000, size: 996 MB, Compressed Oops mode: 32-bit

CDS archive(s) mapped at: [0x000001c854000000-0x000001c854bd0000-0x000001c854bd0000), size 12386304, SharedBaseAddress: 0x000001c854000000, ArchiveRelocationMode: 1.
Compressed class space mapped at: 0x000001c855000000-0x000001c895000000, reserved size: 1073741824
Narrow klass base: 0x000001c854000000, Narrow klass shift: 0, Narrow klass range: 0x100000000

GC Precious Log:
 CPUs: 2 total, 2 available
 Memory: 3983M
 Large Page Support: Disabled
 NUMA Support: Disabled
 Compressed Oops: Enabled (32-bit)
 Heap Region Size: 1M
 Heap Min Capacity: 8M
 Heap Initial Capacity: 64M
 Heap Max Capacity: 996M
 Pre-touch: Disabled
 Parallel Workers: 2
 Concurrent Workers: 1
 Concurrent Refinement Workers: 2
 Periodic GC: Disabled

Heap:
 garbage-first heap   total 65536K, used 5267K [0x00000000c1c00000, 0x0000000100000000)
  region size 1024K, 4 young (4096K), 1 survivors (1024K)
 Metaspace       used 4139K, committed 4288K, reserved 1114112K
  class space    used 455K, committed 512K, reserved 1048576K

Heap Regions: E=young(eden), S=young(survivor), O=old, HS=humongous(starts), HC=humongous(continues), CS=collection set, F=free, OA=open archive, CA=closed archive, TAMS=top-at-mark-start (previous, next)
|   0|0x00000000c1c00000, 0x00000000c1d00000, 0x00000000c1d00000|100%| O|  |TAMS 0x00000000c1c00000, 0x00000000c1c00000| Untracked 
|   1|0x00000000c1d00000, 0x00000000c1e00000, 0x00000000c1e00000|100%| O|  |TAMS 0x00000000c1d00000, 0x00000000c1d00000| Untracked 
|   2|0x00000000c1e00000, 0x00000000c1e24c00, 0x00000000c1f00000| 14%| O|  |TAMS 0x00000000c1e00000, 0x00000000c1e00000| Untracked 
|   3|0x00000000c1f00000, 0x00000000c1f00000, 0x00000000c2000000|  0%| F|  |TAMS 0x00000000c1f00000, 0x00000000c1f00000| Untracked 
|   4|0x00000000c2000000, 0x00000000c2000000, 0x00000000c2100000|  0%| F|  |TAMS 0x00000000c2000000, 0x00000000c2000000| Untracked 
|   5|0x00000000c2100000, 0x00000000c2100000, 0x00000000c2200000|  0%| F|  |TAMS 0x00000000c2100000, 0x00000000c2100000| Untracked 
|   6|0x00000000c2200000, 0x00000000c2200000, 0x00000000c2300000|  0%| F|  |TAMS 0x00000000c2200000, 0x00000000c2200000| Untracked 
|   7|0x00000000c2300000, 0x00000000c2300000, 0x00000000c2400000|  0%| F|  |TAMS 0x00000000c2300000, 0x00000000c2300000| Untracked 
|   8|0x00000000c2400000, 0x00000000c2400000, 0x00000000c2500000|  0%| F|  |TAMS 0x00000000c2400000, 0x00000000c2400000| Untracked 
|   9|0x00000000c2500000, 0x00000000c2500000, 0x00000000c2600000|  0%| F|  |TAMS 0x00000000c2500000, 0x00000000c2500000| Untracked 
|  10|0x00000000c2600000, 0x00000000c2600000, 0x00000000c2700000|  0%| F|  |TAMS 0x00000000c2600000, 0x00000000c2600000| Untracked 
|  11|0x00000000c2700000, 0x00000000c2700000, 0x00000000c2800000|  0%| F|  |TAMS 0x00000000c2700000, 0x00000000c2700000| Untracked 
|  12|0x00000000c2800000, 0x00000000c2800000, 0x00000000c2900000|  0%| F|  |TAMS 0x00000000c2800000, 0x00000000c2800000| Untracked 
|  13|0x00000000c2900000, 0x00000000c2900000, 0x00000000c2a00000|  0%| F|  |TAMS 0x00000000c2900000, 0x00000000c2900000| Untracked 
|  14|0x00000000c2a00000, 0x00000000c2a00000, 0x00000000c2b00000|  0%| F|  |TAMS 0x00000000c2a00000, 0x00000000c2a00000| Untracked 
|  15|0x00000000c2b00000, 0x00000000c2b00000, 0x00000000c2c00000|  0%| F|  |TAMS 0x00000000c2b00000, 0x00000000c2b00000| Untracked 
|  16|0x00000000c2c00000, 0x00000000c2c00000, 0x00000000c2d00000|  0%| F|  |TAMS 0x00000000c2c00000, 0x00000000c2c00000| Untracked 
|  17|0x00000000c2d00000, 0x00000000c2d00000, 0x00000000c2e00000|  0%| F|  |TAMS 0x00000000c2d00000, 0x00000000c2d00000| Untracked 
|  18|0x00000000c2e00000, 0x00000000c2e00000, 0x00000000c2f00000|  0%| F|  |TAMS 0x00000000c2e00000, 0x00000000c2e00000| Untracked 
|  19|0x00000000c2f00000, 0x00000000c2f00000, 0x00000000c3000000|  0%| F|  |TAMS 0x00000000c2f00000, 0x00000000c2f00000| Untracked 
|  20|0x00000000c3000000, 0x00000000c3000000, 0x00000000c3100000|  0%| F|  |TAMS 0x00000000c3000000, 0x00000000c3000000| Untracked 
|  21|0x00000000c3100000, 0x00000000c3100000, 0x00000000c3200000|  0%| F|  |TAMS 0x00000000c3100000, 0x00000000c3100000| Untracked 
|  22|0x00000000c3200000, 0x00000000c3200000, 0x00000000c3300000|  0%| F|  |TAMS 0x00000000c3200000, 0x00000000c3200000| Untracked 
|  23|0x00000000c3300000, 0x00000000c3300000, 0x00000000c3400000|  0%| F|  |TAMS 0x00000000c3300000, 0x00000000c3300000| Untracked 
|  24|0x00000000c3400000, 0x00000000c3400000, 0x00000000c3500000|  0%| F|  |TAMS 0x00000000c3400000, 0x00000000c3400000| Untracked 
|  25|0x00000000c3500000, 0x00000000c3500000, 0x00000000c3600000|  0%| F|  |TAMS 0x00000000c3500000, 0x00000000c3500000| Untracked 
|  26|0x00000000c3600000, 0x00000000c3600000, 0x00000000c3700000|  0%| F|  |TAMS 0x00000000c3600000, 0x00000000c3600000| Untracked 
|  27|0x00000000c3700000, 0x00000000c3700000, 0x00000000c3800000|  0%| F|  |TAMS 0x00000000c3700000, 0x00000000c3700000| Untracked 
|  28|0x00000000c3800000, 0x00000000c3800000, 0x00000000c3900000|  0%| F|  |TAMS 0x00000000c3800000, 0x00000000c3800000| Untracked 
|  29|0x00000000c3900000, 0x00000000c3900000, 0x00000000c3a00000|  0%| F|  |TAMS 0x00000000c3900000, 0x00000000c3900000| Untracked 
|  30|0x00000000c3a00000, 0x00000000c3a00000, 0x00000000c3b00000|  0%| F|  |TAMS 0x00000000c3a00000, 0x00000000c3a00000| Untracked 
|  31|0x00000000c3b00000, 0x00000000c3b00000, 0x00000000c3c00000|  0%| F|  |TAMS 0x00000000c3b00000, 0x00000000c3b00000| Untracked 
|  32|0x00000000c3c00000, 0x00000000c3c00000, 0x00000000c3d00000|  0%| F|  |TAMS 0x00000000c3c00000, 0x00000000c3c00000| Untracked 
|  33|0x00000000c3d00000, 0x00000000c3d00000, 0x00000000c3e00000|  0%| F|  |TAMS 0x00000000c3d00000, 0x00000000c3d00000| Untracked 
|  34|0x00000000c3e00000, 0x00000000c3e00000, 0x00000000c3f00000|  0%| F|  |TAMS 0x00000000c3e00000, 0x00000000c3e00000| Untracked 
|  35|0x00000000c3f00000, 0x00000000c3f00000, 0x00000000c4000000|  0%| F|  |TAMS 0x00000000c3f00000, 0x00000000c3f00000| Untracked 
|  36|0x00000000c4000000, 0x00000000c4000000, 0x00000000c4100000|  0%| F|  |TAMS 0x00000000c4000000, 0x00000000c4000000| Untracked 
|  37|0x00000000c4100000, 0x00000000c4100000, 0x00000000c4200000|  0%| F|  |TAMS 0x00000000c4100000, 0x00000000c4100000| Untracked 
|  38|0x00000000c4200000, 0x00000000c4200000, 0x00000000c4300000|  0%| F|  |TAMS 0x00000000c4200000, 0x00000000c4200000| Untracked 
|  39|0x00000000c4300000, 0x00000000c4300000, 0x00000000c4400000|  0%| F|  |TAMS 0x00000000c4300000, 0x00000000c4300000| Untracked 
|  40|0x00000000c4400000, 0x00000000c4400000, 0x00000000c4500000|  0%| F|  |TAMS 0x00000000c4400000, 0x00000000c4400000| Untracked 
|  41|0x00000000c4500000, 0x00000000c4500000, 0x00000000c4600000|  0%| F|  |TAMS 0x00000000c4500000, 0x00000000c4500000| Untracked 
|  42|0x00000000c4600000, 0x00000000c4600000, 0x00000000c4700000|  0%| F|  |TAMS 0x00000000c4600000, 0x00000000c4600000| Untracked 
|  43|0x00000000c4700000, 0x00000000c4700000, 0x00000000c4800000|  0%| F|  |TAMS 0x00000000c4700000, 0x00000000c4700000| Untracked 
|  44|0x00000000c4800000, 0x00000000c4800000, 0x00000000c4900000|  0%| F|  |TAMS 0x00000000c4800000, 0x00000000c4800000| Untracked 
|  45|0x00000000c4900000, 0x00000000c4900000, 0x00000000c4a00000|  0%| F|  |TAMS 0x00000000c4900000, 0x00000000c4900000| Untracked 
|  46|0x00000000c4a00000, 0x00000000c4a00000, 0x00000000c4b00000|  0%| F|  |TAMS 0x00000000c4a00000, 0x00000000c4a00000| Untracked 
|  47|0x00000000c4b00000, 0x00000000c4b00000, 0x00000000c4c00000|  0%| F|  |TAMS 0x00000000c4b00000, 0x00000000c4b00000| Untracked 
|  48|0x00000000c4c00000, 0x00000000c4c00000, 0x00000000c4d00000|  0%| F|  |TAMS 0x00000000c4c00000, 0x00000000c4c00000| Untracked 
|  49|0x00000000c4d00000, 0x00000000c4d00000, 0x00000000c4e00000|  0%| F|  |TAMS 0x00000000c4d00000, 0x00000000c4d00000| Untracked 
|  50|0x00000000c4e00000, 0x00000000c4e00000, 0x00000000c4f00000|  0%| F|  |TAMS 0x00000000c4e00000, 0x00000000c4e00000| Untracked 
|  51|0x00000000c4f00000, 0x00000000c4f00000, 0x00000000c5000000|  0%| F|  |TAMS 0x00000000c4f00000, 0x00000000c4f00000| Untracked 
|  52|0x00000000c5000000, 0x00000000c5000000, 0x00000000c5100000|  0%| F|  |TAMS 0x00000000c5000000, 0x00000000c5000000| Untracked 
|  53|0x00000000c5100000, 0x00000000c5100000, 0x00000000c5200000|  0%| F|  |TAMS 0x00000000c5100000, 0x00000000c5100000| Untracked 
|  54|0x00000000c5200000, 0x00000000c5200000, 0x00000000c5300000|  0%| F|  |TAMS 0x00000000c5200000, 0x00000000c5200000| Untracked 
|  55|0x00000000c5300000, 0x00000000c5300000, 0x00000000c5400000|  0%| F|  |TAMS 0x00000000c5300000, 0x00000000c5300000| Untracked 
|  56|0x00000000c5400000, 0x00000000c5400000, 0x00000000c5500000|  0%| F|  |TAMS 0x00000000c5400000, 0x00000000c5400000| Untracked 
|  57|0x00000000c5500000, 0x00000000c5500000, 0x00000000c5600000|  0%| F|  |TAMS 0x00000000c5500000, 0x00000000c5500000| Untracked 
|  58|0x00000000c5600000, 0x00000000c5700000, 0x00000000c5700000|100%| S|CS|TAMS 0x00000000c5600000, 0x00000000c5600000| Complete 
|  59|0x00000000c5700000, 0x00000000c5700000, 0x00000000c5800000|  0%| F|  |TAMS 0x00000000c5700000, 0x00000000c5700000| Untracked 
|  60|0x00000000c5800000, 0x00000000c5800000, 0x00000000c5900000|  0%| F|  |TAMS 0x00000000c5800000, 0x00000000c5800000| Untracked 
|  61|0x00000000c5900000, 0x00000000c5a00000, 0x00000000c5a00000|100%| E|  |TAMS 0x00000000c5900000, 0x00000000c5900000| Complete 
|  62|0x00000000c5a00000, 0x00000000c5b00000, 0x00000000c5b00000|100%| E|CS|TAMS 0x00000000c5a00000, 0x00000000c5a00000| Complete 
|  63|0x00000000c5b00000, 0x00000000c5c00000, 0x00000000c5c00000|100%| E|CS|TAMS 0x00000000c5b00000, 0x00000000c5b00000| Complete 

Card table byte_map: [0x000001c84f280000,0x000001c84f480000] _byte_map_base: 0x000001c84ec72000

Marking Bits (Prev, Next): (CMBitMap*) 0x000001c8389f07d0, (CMBitMap*) 0x000001c8389f0810
 Prev Bits: [0x000001c84f680000, 0x000001c850610000)
 Next Bits: [0x000001c850610000, 0x000001c8515a0000)

Polling page: 0x000001c8369d0000

Metaspace:

Usage:
  Non-class:      3.60 MB used.
      Class:    455.76 KB used.
       Both:      4.04 MB used.

Virtual space:
  Non-class space:       64.00 MB reserved,       3.69 MB (  6%) committed,  1 nodes.
      Class space:        1.00 GB reserved,     512.00 KB ( <1%) committed,  1 nodes.
             Both:        1.06 GB reserved,       4.19 MB ( <1%) committed. 

Chunk freelists:
   Non-Class:  9.94 MB
       Class:  15.44 MB
        Both:  25.37 MB

MaxMetaspaceSize: unlimited
CompressedClassSpaceSize: 1.00 GB
Initial GC threshold: 21.00 MB
Current GC threshold: 21.00 MB
CDS: on
MetaspaceReclaimPolicy: balanced
 - commit_granule_bytes: 65536.
 - commit_granule_words: 8192.
 - virtual_space_node_default_size: 8388608.
 - enlarge_chunks_in_place: 1.
 - new_chunks_are_fully_committed: 0.
 - uncommit_free_chunks: 1.
 - use_allocation_guard: 0.
 - handle_deallocations: 1.


Internal statistics:

num_allocs_failed_limit: 0.
num_arena_births: 38.
num_arena_deaths: 0.
num_vsnodes_births: 2.
num_vsnodes_deaths: 0.
num_space_committed: 67.
num_space_uncommitted: 0.
num_chunks_returned_to_freelist: 0.
num_chunks_taken_from_freelist: 157.
num_chunk_merges: 0.
num_chunk_splits: 99.
num_chunks_enlarged: 80.
num_inconsistent_stats: 0.

CodeHeap 'non-profiled nmethods': size=120064Kb used=262Kb max_used=262Kb free=119801Kb
 bounds [0x000001c847d40000, 0x000001c847fb0000, 0x000001c84f280000]
CodeHeap 'profiled nmethods': size=120000Kb used=1714Kb max_used=1714Kb free=118285Kb
 bounds [0x000001c840280000, 0x000001c8404f0000, 0x000001c8477b0000]
CodeHeap 'non-nmethods': size=5696Kb used=1149Kb max_used=1149Kb free=4546Kb
 bounds [0x000001c8477b0000, 0x000001c847a20000, 0x000001c847d40000]
 total_blobs=1279 nmethods=838 adapters=355
 compilation: enabled
              stopped_count=0, restarted_count=0
 full_count=0

Compilation events (20 events):
Event: 2.711 Thread 0x000001c838a8d820  828       3       java.util.TreeMap$KeySet::iterator (32 bytes)
Event: 2.712 Thread 0x000001c838a8d820 nmethod 828 0x000001c840425d90 code [0x000001c840425fa0, 0x000001c840426778]
Event: 2.717 Thread 0x000001c838a821e0  829       4       sun.net.www.ParseUtil::firstEncodeIndex (86 bytes)
Event: 2.722 Thread 0x000001c838a821e0 nmethod 829 0x000001c847d81010 code [0x000001c847d811a0, 0x000001c847d81378]
Event: 2.732 Thread 0x000001c838a8d820  830       3       java.net.URLClassLoader$1::<init> (15 bytes)
Event: 2.733 Thread 0x000001c838a8d820 nmethod 830 0x000001c840426990 code [0x000001c840426b40, 0x000001c840426d58]
Event: 2.733 Thread 0x000001c838a8d820  831       3       java.net.URLClassLoader$1::run (5 bytes)
Event: 2.733 Thread 0x000001c838a8d820 nmethod 831 0x000001c840426e10 code [0x000001c840426fc0, 0x000001c840427108]
Event: 2.733 Thread 0x000001c838a8d820  832   !   3       java.net.URLClassLoader::defineClass (224 bytes)
Event: 2.736 Thread 0x000001c838a8d820 nmethod 832 0x000001c840427190 code [0x000001c8404275a0, 0x000001c840429238]
Event: 2.737 Thread 0x000001c838a8d820  833   !   3       java.net.URLClassLoader::findClass (47 bytes)
Event: 2.738 Thread 0x000001c838a8d820 nmethod 833 0x000001c840429c10 code [0x000001c840429e00, 0x000001c84042a468]
Event: 2.743 Thread 0x000001c838a8d820  834       3       java.security.CodeSource::matchCerts (254 bytes)
Event: 2.744 Thread 0x000001c838a8d820 nmethod 834 0x000001c84042a690 code [0x000001c84042a900, 0x000001c84042b498]
Event: 2.782 Thread 0x000001c838a8d820  835       3       java.lang.Enum::<init> (15 bytes)
Event: 2.783 Thread 0x000001c838a8d820 nmethod 835 0x000001c84042b890 code [0x000001c84042ba20, 0x000001c84042bbd8]
Event: 2.945 Thread 0x000001c838a8d820  836   !   3       java.util.zip.ZipFile$CleanableResource::releaseInflater (53 bytes)
Event: 2.945 Thread 0x000001c838a8d820 nmethod 836 0x000001c84042bc90 code [0x000001c84042be60, 0x000001c84042c288]
Event: 3.144 Thread 0x000001c838a8d820  838       3       jdk.internal.org.objectweb.asm.ByteVector::put122 (93 bytes)
Event: 3.145 Thread 0x000001c838a8d820 nmethod 838 0x000001c84042c490 code [0x000001c84042c640, 0x000001c84042c8c8]

GC Heap History (4 events):
Event: 1.415 GC heap before
{Heap before GC invocations=0 (full 0):
 garbage-first heap   total 65536K, used 5120K [0x00000000c1c00000, 0x0000000100000000)
  region size 1024K, 6 young (6144K), 0 survivors (0K)
 Metaspace       used 1882K, committed 2048K, reserved 1114112K
  class space    used 182K, committed 256K, reserved 1048576K
}
Event: 1.429 GC heap after
{Heap after GC invocations=1 (full 0):
 garbage-first heap   total 65536K, used 1945K [0x00000000c1c00000, 0x0000000100000000)
  region size 1024K, 1 young (1024K), 1 survivors (1024K)
 Metaspace       used 1882K, committed 2048K, reserved 1114112K
  class space    used 182K, committed 256K, reserved 1048576K
}
Event: 2.379 GC heap before
{Heap before GC invocations=1 (full 0):
 garbage-first heap   total 65536K, used 7065K [0x00000000c1c00000, 0x0000000100000000)
  region size 1024K, 6 young (6144K), 1 survivors (1024K)
 Metaspace       used 3188K, committed 3328K, reserved 1114112K
  class space    used 336K, committed 384K, reserved 1048576K
}
Event: 2.385 GC heap after
{Heap after GC invocations=2 (full 0):
 garbage-first heap   total 65536K, used 3219K [0x00000000c1c00000, 0x0000000100000000)
  region size 1024K, 1 young (1024K), 1 survivors (1024K)
 Metaspace       used 3188K, committed 3328K, reserved 1114112K
  class space    used 336K, committed 384K, reserved 1048576K
}

Deoptimization events (20 events):
Event: 1.397 Thread 0x000001c8389b4d30 DEOPT PACKING pc=0x000001c847d63c90 sp=0x00000094837fe380
Event: 1.397 Thread 0x000001c8389b4d30 DEOPT UNPACKING pc=0x000001c8478023a3 sp=0x00000094837fe2e0 mode 2
Event: 1.524 Thread 0x000001c8389b4d30 DEOPT PACKING pc=0x000001c8402c3f54 sp=0x00000094837fa0b0
Event: 1.524 Thread 0x000001c8389b4d30 DEOPT UNPACKING pc=0x000001c847802b43 sp=0x00000094837f9570 mode 0
Event: 1.870 Thread 0x000001c8389b4d30 Uncommon trap: trap_request=0xffffff45 fr.pc=0x000001c847d4b510 relative=0x00000000000003f0
Event: 1.870 Thread 0x000001c8389b4d30 Uncommon trap: reason=unstable_if action=reinterpret pc=0x000001c847d4b510 method=java.lang.StringLatin1.canEncode(I)Z @ 4 c2
Event: 1.870 Thread 0x000001c8389b4d30 DEOPT PACKING pc=0x000001c847d4b510 sp=0x00000094837fdfb0
Event: 1.870 Thread 0x000001c8389b4d30 DEOPT UNPACKING pc=0x000001c8478023a3 sp=0x00000094837fdec8 mode 2
Event: 1.870 Thread 0x000001c8389b4d30 Uncommon trap: trap_request=0xffffff45 fr.pc=0x000001c847d4ab7c relative=0x00000000000003dc
Event: 1.870 Thread 0x000001c8389b4d30 Uncommon trap: reason=unstable_if action=reinterpret pc=0x000001c847d4ab7c method=java.lang.AbstractStringBuilder.isLatin1()Z @ 10 c2
Event: 1.870 Thread 0x000001c8389b4d30 DEOPT PACKING pc=0x000001c847d4ab7c sp=0x00000094837fdfb0
Event: 1.870 Thread 0x000001c8389b4d30 DEOPT UNPACKING pc=0x000001c8478023a3 sp=0x00000094837fdf30 mode 2
Event: 1.885 Thread 0x000001c8389b4d30 Uncommon trap: trap_request=0xffffff45 fr.pc=0x000001c847d4a4b8 relative=0x0000000000000038
Event: 1.885 Thread 0x000001c8389b4d30 Uncommon trap: reason=unstable_if action=reinterpret pc=0x000001c847d4a4b8 method=java.lang.StringLatin1.canEncode(I)Z @ 4 c2
Event: 1.885 Thread 0x000001c8389b4d30 DEOPT PACKING pc=0x000001c847d4a4b8 sp=0x00000094837fdf40
Event: 1.885 Thread 0x000001c8389b4d30 DEOPT UNPACKING pc=0x000001c8478023a3 sp=0x00000094837fded0 mode 2
Event: 2.192 Thread 0x000001c8389b4d30 DEOPT PACKING pc=0x000001c8402b8868 sp=0x00000094837fd210
Event: 2.192 Thread 0x000001c8389b4d30 DEOPT UNPACKING pc=0x000001c847802b43 sp=0x00000094837fc6a0 mode 0
Event: 2.401 Thread 0x000001c8389b4d30 DEOPT PACKING pc=0x000001c8402a393e sp=0x00000094837fa1f0
Event: 2.401 Thread 0x000001c8389b4d30 DEOPT UNPACKING pc=0x000001c847802b43 sp=0x00000094837f9668 mode 0

Classes unloaded (0 events):
No events

Classes redefined (0 events):
No events

Internal exceptions (20 events):
Event: 0.908 Thread 0x000001c8389b4d30 Exception <a 'java/lang/NoSuchMethodError'{0x00000000c5712c50}: 'java.lang.Object java.lang.invoke.DirectMethodHandle$Holder.newInvokeSpecial(java.lang.Object, long, java.lang.Object)'> (0x00000000c5712c50) 
thrown [s\open\src\hotspot\share\interpreter\linkResolver.cpp, line 759]
Event: 0.913 Thread 0x000001c8389b4d30 Exception <a 'java/lang/NullPointerException'{0x00000000c571f318}> (0x00000000c571f318) 
thrown [s\open\src\hotspot\share\interpreter\linkResolver.cpp, line 1350]
Event: 0.913 Thread 0x000001c8389b4d30 Exception <a 'java/lang/NullPointerException'{0x00000000c571f5f0}> (0x00000000c571f5f0) 
thrown [s\open\src\hotspot\share\interpreter\linkResolver.cpp, line 1350]
Event: 0.913 Thread 0x000001c8389b4d30 Exception <a 'java/lang/NullPointerException'{0x00000000c571f8c8}> (0x00000000c571f8c8) 
thrown [s\open\src\hotspot\share\interpreter\linkResolver.cpp, line 1350]
Event: 0.917 Thread 0x000001c8389b4d30 Exception <a 'java/lang/NullPointerException'{0x00000000c5744698}> (0x00000000c5744698) 
thrown [s\open\src\hotspot\share\interpreter\linkResolver.cpp, line 1350]
Event: 0.923 Thread 0x000001c8389b4d30 Exception <a 'java/lang/NullPointerException'{0x00000000c575a8c0}> (0x00000000c575a8c0) 
thrown [s\open\src\hotspot\share\interpreter\linkResolver.cpp, line 1350]
Event: 0.923 Thread 0x000001c8389b4d30 Exception <a 'java/lang/NullPointerException'{0x00000000c575ab98}> (0x00000000c575ab98) 
thrown [s\open\src\hotspot\share\interpreter\linkResolver.cpp, line 1350]
Event: 0.923 Thread 0x000001c8389b4d30 Exception <a 'java/lang/NullPointerException'{0x00000000c575ae70}> (0x00000000c575ae70) 
thrown [s\open\src\hotspot\share\interpreter\linkResolver.cpp, line 1350]
Event: 0.923 Thread 0x000001c8389b4d30 Exception <a 'java/lang/NullPointerException'{0x00000000c575b148}> (0x00000000c575b148) 
thrown [s\open\src\hotspot\share\interpreter\linkResolver.cpp, line 1350]
Event: 0.958 Thread 0x000001c8389b4d30 Exception <a 'sun/nio/fs/WindowsException'{0x00000000c5789648}> (0x00000000c5789648) 
thrown [s\open\src\hotspot\share\prims\jni.cpp, line 516]
Event: 0.958 Thread 0x000001c8389b4d30 Exception <a 'sun/nio/fs/WindowsException'{0x00000000c5789d80}> (0x00000000c5789d80) 
thrown [s\open\src\hotspot\share\prims\jni.cpp, line 516]
Event: 0.959 Thread 0x000001c8389b4d30 Exception <a 'sun/nio/fs/WindowsException'{0x00000000c578a310}> (0x00000000c578a310) 
thrown [s\open\src\hotspot\share\prims\jni.cpp, line 516]
Event: 0.959 Thread 0x000001c8389b4d30 Exception <a 'sun/nio/fs/WindowsException'{0x00000000c578a888}> (0x00000000c578a888) 
thrown [s\open\src\hotspot\share\prims\jni.cpp, line 516]
Event: 0.959 Thread 0x000001c8389b4d30 Exception <a 'sun/nio/fs/WindowsException'{0x00000000c578ad40}> (0x00000000c578ad40) 
thrown [s\open\src\hotspot\share\prims\jni.cpp, line 516]
Event: 1.005 Thread 0x000001c8389b4d30 Exception <a 'java/lang/NoSuchMethodError'{0x00000000c57dd0f8}: 'void java.lang.invoke.DirectMethodHandle$Holder.invokeStatic(java.lang.Object, java.lang.Object)'> (0x00000000c57dd0f8) 
thrown [s\open\src\hotspot\share\interpreter\linkResolver.cpp, line 759]
Event: 1.006 Thread 0x000001c8389b4d30 Exception <a 'java/lang/NoSuchMethodError'{0x00000000c57e0a10}: 'void java.lang.invoke.DirectMethodHandle$Holder.invokeStaticInit(java.lang.Object, java.lang.Object)'> (0x00000000c57e0a10) 
thrown [s\open\src\hotspot\share\interpreter\linkResolver.cpp, line 759]
Event: 1.059 Thread 0x000001c8389b4d30 Exception <a 'java/lang/NoSuchMethodError'{0x00000000c561b828}: 'void java.lang.invoke.DirectMethodHandle$Holder.invokeStatic(java.lang.Object, java.lang.Object, java.lang.Object)'> (0x00000000c561b828) 
thrown [s\open\src\hotspot\share\interpreter\linkResolver.cpp, line 759]
Event: 1.509 Thread 0x000001c8389b4d30 Exception <a 'java/lang/NoSuchMethodError'{0x00000000c5bb7080}: 'java.lang.Object java.lang.invoke.DirectMethodHandle$Holder.invokeSpecialIFC(java.lang.Object, java.lang.Object, java.lang.Object, java.lang.Object)'> (0x00000000c5bb7080) 
thrown [s\open\src\hotspot\share\interpreter\linkResolver.cpp, line 759]
Event: 2.624 Thread 0x000001c8389b4d30 Exception <a 'java/lang/NoSuchMethodError'{0x00000000c5a8c2d8}: 'void java.lang.invoke.DirectMethodHandle$Holder.invokeSpecial(java.lang.Object, java.lang.Object, java.lang.Object)'> (0x00000000c5a8c2d8) 
thrown [s\open\src\hotspot\share\interpreter\linkResolver.cpp, line 759]
Event: 3.144 Thread 0x000001c8389b4d30 Exception <a 'java/lang/NoSuchMethodError'{0x00000000c59e86e0}: 'java.lang.Object java.lang.invoke.DirectMethodHandle$Holder.invokeInterface(java.lang.Object, java.lang.Object)'> (0x00000000c59e86e0) 
thrown [s\open\src\hotspot\share\interpreter\linkResolver.cpp, line 759]

VM Operations (14 events):
Event: 0.239 Executing VM operation: HandshakeAllThreads
Event: 0.251 Executing VM operation: HandshakeAllThreads done
Event: 0.857 Executing VM operation: HandshakeAllThreads
Event: 0.857 Executing VM operation: HandshakeAllThreads done
Event: 1.079 Executing VM operation: HandshakeAllThreads
Event: 1.084 Executing VM operation: HandshakeAllThreads done
Event: 1.084 Executing VM operation: Cleanup
Event: 1.362 Executing VM operation: Cleanup done
Event: 1.415 Executing VM operation: G1CollectForAllocation
Event: 1.429 Executing VM operation: G1CollectForAllocation done
Event: 1.606 Executing VM operation: HandshakeAllThreads
Event: 1.606 Executing VM operation: HandshakeAllThreads done
Event: 2.379 Executing VM operation: G1CollectForAllocation
Event: 2.389 Executing VM operation: G1CollectForAllocation done

Events (20 events):
Event: 3.075 loading class sun/reflect/generics/tree/Signature done
Event: 3.075 loading class sun/reflect/generics/tree/ClassSignature done
Event: 3.075 loading class sun/reflect/annotation/TypeAnnotation$TypeAnnotationTarget
Event: 3.088 loading class sun/reflect/annotation/TypeAnnotation$TypeAnnotationTarget done
Event: 3.088 loading class sun/reflect/annotation/TypeAnnotation$LocationInfo
Event: 3.099 loading class sun/reflect/annotation/TypeAnnotation$LocationInfo done
Event: 3.099 loading class sun/reflect/annotation/TypeAnnotation$LocationInfo$Location
Event: 3.099 loading class sun/reflect/annotation/TypeAnnotation$LocationInfo$Location done
Event: 3.099 loading class sun/reflect/annotation/AnnotatedTypeFactory
Event: 3.108 loading class sun/reflect/annotation/AnnotatedTypeFactory done
Event: 3.108 loading class sun/reflect/annotation/AnnotatedTypeFactory$AnnotatedTypeBaseImpl
Event: 3.108 loading class java/lang/reflect/AnnotatedType
Event: 3.122 loading class java/lang/reflect/AnnotatedType done
Event: 3.122 loading class sun/reflect/annotation/AnnotatedTypeFactory$AnnotatedTypeBaseImpl done
Event: 3.122 loading class java/util/stream/Streams$ConcatSpliterator$OfRef
Event: 3.141 loading class java/util/stream/Streams$ConcatSpliterator
Event: 3.142 loading class java/util/stream/Streams$ConcatSpliterator done
Event: 3.142 loading class java/util/stream/Streams$ConcatSpliterator$OfRef done
Event: 3.142 loading class java/util/stream/Streams$2
Event: 3.143 loading class java/util/stream/Streams$2 done


Dynamic libraries:
0x00007ff79d030000 - 0x00007ff79d040000 	C:\Program Files\Java\jdk-17\bin\java.exe
0x00007ffe4e530000 - 0x00007ffe4e728000 	C:\WINDOWS\SYSTEM32\ntdll.dll
0x00007ffe4d940000 - 0x00007ffe4da02000 	C:\WINDOWS\System32\KERNEL32.DLL
0x00007ffe4be40000 - 0x00007ffe4c13f000 	C:\WINDOWS\System32\KERNELBASE.dll
0x00007ffe4bc70000 - 0x00007ffe4bd70000 	C:\WINDOWS\System32\ucrtbase.dll
0x00007ffe480a0000 - 0x00007ffe480b9000 	C:\Program Files\Java\jdk-17\bin\jli.dll
0x00007ffe4c660000 - 0x00007ffe4c70f000 	C:\WINDOWS\System32\ADVAPI32.dll
0x00007ffe4dfc0000 - 0x00007ffe4e05e000 	C:\WINDOWS\System32\msvcrt.dll
0x00007ffe4df20000 - 0x00007ffe4dfbf000 	C:\WINDOWS\System32\sechost.dll
0x00007ffe4e270000 - 0x00007ffe4e393000 	C:\WINDOWS\System32\RPCRT4.dll
0x00007ffe4be10000 - 0x00007ffe4be37000 	C:\WINDOWS\System32\bcrypt.dll
0x00007ffe4cd20000 - 0x00007ffe4cebd000 	C:\WINDOWS\System32\USER32.dll
0x00007ffe47710000 - 0x00007ffe4772b000 	C:\Program Files\Java\jdk-17\bin\VCRUNTIME140.dll
0x00007ffe4bd70000 - 0x00007ffe4bd92000 	C:\WINDOWS\System32\win32u.dll
0x00007ffe4e3a0000 - 0x00007ffe4e3cb000 	C:\WINDOWS\System32\GDI32.dll
0x00007ffe4c190000 - 0x00007ffe4c2aa000 	C:\WINDOWS\System32\gdi32full.dll
0x00007ffe4bbd0000 - 0x00007ffe4bc6d000 	C:\WINDOWS\System32\msvcp_win.dll
0x00007ffe427e0000 - 0x00007ffe427ea000 	C:\WINDOWS\SYSTEM32\VERSION.dll
0x00007ffe3a0b0000 - 0x00007ffe3a34a000 	C:\WINDOWS\WinSxS\amd64_microsoft.windows.common-controls_6595b64144ccf1df_6.0.19041.4355_none_60b8b9eb71f62e16\COMCTL32.dll
0x00007ffe4d630000 - 0x00007ffe4d65f000 	C:\WINDOWS\System32\IMM32.DLL
0x00007ffe49190000 - 0x00007ffe4919c000 	C:\Program Files\Java\jdk-17\bin\vcruntime140_1.dll
0x00007ffe32e70000 - 0x00007ffe32efe000 	C:\Program Files\Java\jdk-17\bin\msvcp140.dll
0x00007ffe0b050000 - 0x00007ffe0bc30000 	C:\Program Files\Java\jdk-17\bin\server\jvm.dll
0x00007ffe4de80000 - 0x00007ffe4de88000 	C:\WINDOWS\System32\PSAPI.DLL
0x00007ffe44200000 - 0x00007ffe44209000 	C:\WINDOWS\SYSTEM32\WSOCK32.dll
0x00007ffe4d8d0000 - 0x00007ffe4d93b000 	C:\WINDOWS\System32\WS2_32.dll
0x00007ffe3eb00000 - 0x00007ffe3eb27000 	C:\WINDOWS\SYSTEM32\WINMM.dll
0x00007ffe49940000 - 0x00007ffe49952000 	C:\WINDOWS\SYSTEM32\kernel.appcore.dll
0x00007ffe48a50000 - 0x00007ffe48a5a000 	C:\Program Files\Java\jdk-17\bin\jimage.dll
0x00007ffe31320000 - 0x00007ffe31504000 	C:\WINDOWS\SYSTEM32\DBGHELP.DLL
0x00007ffe41cf0000 - 0x00007ffe41d24000 	C:\WINDOWS\SYSTEM32\dbgcore.DLL
0x00007ffe4c2b0000 - 0x00007ffe4c332000 	C:\WINDOWS\System32\bcryptPrimitives.dll
0x00007ffe456e0000 - 0x00007ffe45705000 	C:\Program Files\Java\jdk-17\bin\java.dll
0x00007ffe32d90000 - 0x00007ffe32e67000 	C:\Program Files\Java\jdk-17\bin\jsvml.dll
0x00007ffe4cec0000 - 0x00007ffe4d62d000 	C:\WINDOWS\System32\SHELL32.dll
0x00007ffe49c50000 - 0x00007ffe4a3f4000 	C:\WINDOWS\SYSTEM32\windows.storage.dll
0x00007ffe4dac0000 - 0x00007ffe4de15000 	C:\WINDOWS\System32\combase.dll
0x00007ffe4b530000 - 0x00007ffe4b55b000 	C:\WINDOWS\SYSTEM32\Wldp.dll
0x00007ffe4c710000 - 0x00007ffe4c7dd000 	C:\WINDOWS\System32\OLEAUT32.dll
0x00007ffe4c5b0000 - 0x00007ffe4c65d000 	C:\WINDOWS\System32\SHCORE.dll
0x00007ffe4de20000 - 0x00007ffe4de75000 	C:\WINDOWS\System32\shlwapi.dll
0x00007ffe4bb00000 - 0x00007ffe4bb25000 	C:\WINDOWS\SYSTEM32\profapi.dll
0x00007ffe45290000 - 0x00007ffe452a9000 	C:\Program Files\Java\jdk-17\bin\net.dll
0x00007ffe433d0000 - 0x00007ffe434da000 	C:\WINDOWS\SYSTEM32\WINHTTP.dll
0x00007ffe4b290000 - 0x00007ffe4b2fc000 	C:\WINDOWS\system32\mswsock.dll
0x00007ffe43e00000 - 0x00007ffe43e16000 	C:\Program Files\Java\jdk-17\bin\nio.dll
0x00007ffe3c070000 - 0x00007ffe3c088000 	C:\Program Files\Java\jdk-17\bin\zip.dll
0x00007ffe3c040000 - 0x00007ffe3c064000 	C:\Program Files\Maven\apache-maven-3.9.9\lib\jansi-native\Windows\x86_64\jansi.dll
0x00007ffe48a30000 - 0x00007ffe48a40000 	C:\Program Files\Java\jdk-17\bin\verify.dll

dbghelp: loaded successfully - version: 4.0.5 - missing functions: none
symbol engine: initialized successfully - sym options: 0x614 - pdb path: .;C:\Program Files\Java\jdk-17\bin;C:\WINDOWS\SYSTEM32;C:\WINDOWS\WinSxS\amd64_microsoft.windows.common-controls_6595b64144ccf1df_6.0.19041.4355_none_60b8b9eb71f62e16;C:\Program Files\Java\jdk-17\bin\server;C:\Program Files\Maven\apache-maven-3.9.9\lib\jansi-native\Windows\x86_64

VM Arguments:
jvm_args: -Dclassworlds.conf=C:\Program Files\Maven\apache-maven-3.9.9\bin\m2.conf -Dmaven.home=C:\Program Files\Maven\apache-maven-3.9.9 -Dlibrary.jansi.path=C:\Program Files\Maven\apache-maven-3.9.9\lib\jansi-native -Dmaven.multiModuleProjectDirectory=C:\AEM Training Projects\aem\codebase\myTraining 
java_command: org.codehaus.plexus.classworlds.launcher.Launcher cleanhhfhg
java_class_path (initial): C:\Program Files\Maven\apache-maven-3.9.9\boot\plexus-classworlds-2.8.0.jar
Launcher Type: SUN_STANDARD

[Global flags]
     intx CICompilerCount                          = 2                                         {product} {ergonomic}
     uint ConcGCThreads                            = 1                                         {product} {ergonomic}
     uint G1ConcRefinementThreads                  = 2                                         {product} {ergonomic}
   size_t G1HeapRegionSize                         = 1048576                                   {product} {ergonomic}
    uintx GCDrainStackTargetSize                   = 64                                        {product} {ergonomic}
   size_t InitialHeapSize                          = 67108864                                  {product} {ergonomic}
   size_t MarkStackSize                            = 4194304                                   {product} {ergonomic}
   size_t MaxHeapSize                              = 1044381696                                {product} {ergonomic}
   size_t MaxNewSize                               = 625999872                                 {product} {ergonomic}
   size_t MinHeapDeltaBytes                        = 1048576                                   {product} {ergonomic}
   size_t MinHeapSize                              = 8388608                                   {product} {ergonomic}
    uintx NonNMethodCodeHeapSize                   = 5826188                                {pd product} {ergonomic}
    uintx NonProfiledCodeHeapSize                  = 122916026                              {pd product} {ergonomic}
    uintx ProfiledCodeHeapSize                     = 122916026                              {pd product} {ergonomic}
    uintx ReservedCodeCacheSize                    = 251658240                              {pd product} {ergonomic}
     bool SegmentedCodeCache                       = true                                      {product} {ergonomic}
   size_t SoftMaxHeapSize                          = 1044381696                             {manageable} {ergonomic}
     bool UseCompressedClassPointers               = true                           {product lp64_product} {ergonomic}
     bool UseCompressedOops                        = true                           {product lp64_product} {ergonomic}
     bool UseG1GC                                  = true                                      {product} {ergonomic}
     bool UseLargePagesIndividualAllocation        = false                                  {pd product} {ergonomic}

Logging:
Log output configuration:
 #0: stdout all=warning uptime,level,tags
 #1: stderr all=off uptime,level,tags

Environment Variables:
JAVA_HOME=C:\Program Files\Java\jdk-17
PATH=C:\Program Files\Java\jdk-11\bin;C:\Program Files\Common Files\Oracle\Java\javapath;C:\WINDOWS\system32;C:\WINDOWS;C:\WINDOWS\System32\Wbem;C:\WINDOWS\System32\WindowsPowerShell\v1.0\;C:\WINDOWS\System32\OpenSSH\;D:\nvm;D:\nodejs;D:\NodeNew\;D:\Git\cmd;C:\Users\Siva\AppData\Local\Pub\Cache\bin;C:\Program Files\Maven\apache-maven-3.9.9\bin;D:\flutter\flutter\bin;C:\Users\Siva\AppData\Local\Microsoft\WindowsApps;C:\Users\Siva\Downloads\Microsoft VS Code\bin;D:\nvm;D:\nodejs;C:\Users\Siva\AppData\Roaming\npm;D:\IntelliJ IDEA 2024.3.5\bin;;D:\IntelliJ IDEA Community Edition 2024.3.5\bin;
USERNAME=Siva
OS=Windows_NT
PROCESSOR_IDENTIFIER=AMD64 Family 21 Model 112 Stepping 0, AuthenticAMD



---------------  S Y S T E M  ---------------

OS:
 Windows 10 , 64 bit Build 19041 (10.0.19041.5438)
OS uptime: 0 days 6:27 hours

CPU: total 2 (initial active 2) (2 cores per cpu, 1 threads per core) family 21 model 112 stepping 0 microcode 0x0, cx8, cmov, fxsr, mmx, 3dnowpref, sse, sse2, sse3, ssse3, sse4a, sse4.1, sse4.2, popcnt, lzcnt, tsc, tscinvbit, avx, avx2, aes, clmul, bmi1, bmi2, fma, vzeroupper, clflush

Memory: 4k page, system-wide physical 3983M (163M free)
TotalPageFile size 10127M (AvailPageFile size 4M)
current process WorkingSet (physical memory assigned to process): 56M, peak: 56M
current process commit charge ("private bytes"): 142M, peak: 142M

vm_info: Java HotSpot(TM) 64-Bit Server VM (17.0.12+8-LTS-286) for windows-amd64 JRE (17.0.12+8-LTS-286), built on Jun  5 2024 06:46:59 by "mach5one" with MS VC++ 17.6 (VS2022)

END.
