#
# There is insufficient memory for the Java Runtime Environment to continue.
# Native memory allocation (malloc) failed to allocate 343216 bytes for Chunk::new
# Possible reasons:
#   The system is out of physical RAM or swap space
#   The process is running with CompressedOops enabled, and the Java Heap may be blocking the growth of the native heap
# Possible solutions:
#   Reduce memory load on the system
#   Increase physical memory or swap space
#   Check if swap backing store is full
#   Decrease Java heap size (-Xmx/-Xms)
#   Decrease number of Java threads
#   Decrease Java thread stack sizes (-Xss)
#   Set larger code cache with -XX:ReservedCodeCacheSize=
#   JVM is running with Unscaled Compressed Oops mode in which the Java heap is
#     placed in the first 4GB address space. The Java Heap base address is the
#     maximum limit for the native heap growth. Please use -XX:HeapBaseMinAddress
#     to set the Java Heap base and to place the Java Heap above 4GB virtual address.
# This output file may be truncated or incomplete.
#
#  Out of Memory Error (arena.cpp:189), pid=6592, tid=7564
#
# JRE version: Java(TM) SE Runtime Environment (17.0.12+8) (build 17.0.12+8-LTS-286)
# Java VM: Java HotSpot(TM) 64-Bit Server VM (17.0.12+8-LTS-286, mixed mode, sharing, tiered, compressed oops, compressed class ptrs, g1 gc, windows-amd64)
# No core dump will be written. Minidumps are not enabled by default on client versions of Windows
#

---------------  S U M M A R Y ------------

Command Line: -Dclassworlds.conf=C:\Program Files\Maven\apache-maven-3.9.9\bin\m2.conf -Dmaven.home=C:\Program Files\Maven\apache-maven-3.9.9 -Dlibrary.jansi.path=C:\Program Files\Maven\apache-maven-3.9.9\lib\jansi-native -Dmaven.multiModuleProjectDirectory=C:\AEM Training Projects\aem\codebase\myTraining org.codehaus.plexus.classworlds.launcher.Launcher clean

Host: AMD PRO A4-4350B R4, 5 COMPUTE CORES 2C+3G     , 2 cores, 3G,  Windows 10 , 64 bit Build 19041 (10.0.19041.5438)
Time: Mon Mar 24 12:58:23 2025 India Standard Time elapsed time: 11.044382 seconds (0d 0h 0m 11s)

---------------  T H R E A D  ---------------

Current thread (0x0000024eb864fee0):  JavaThread "C2 CompilerThread0" daemon [_thread_in_native, id=7564, stack(0x00000086b1800000,0x00000086b1900000)]


Current CompileTask:
C2:  11044  685  s!   4       jdk.internal.loader.URLClassPath::getLoader (194 bytes)

Stack: [0x00000086b1800000,0x00000086b1900000]
Native frames: (J=compiled Java code, j=interpreted, Vv=VM code, C=native code)
V  [jvm.dll+0x67a04a]
V  [jvm.dll+0x7da4ed]
V  [jvm.dll+0x7dbe33]
V  [jvm.dll+0x7dc4a3]
V  [jvm.dll+0x24508f]
V  [jvm.dll+0xab773]
V  [jvm.dll+0xabd3c]
V  [jvm.dll+0x361bee]
V  [jvm.dll+0x32c431]
V  [jvm.dll+0x32b8ca]
V  [jvm.dll+0x21683f]
V  [jvm.dll+0x215c6f]
V  [jvm.dll+0x1a2960]
V  [jvm.dll+0x22610b]
V  [jvm.dll+0x2242ab]
V  [jvm.dll+0x79075c]
V  [jvm.dll+0x78abea]
V  [jvm.dll+0x678f35]
C  [ucrtbase.dll+0x21bb2]
C  [KERNEL32.DLL+0x17374]
C  [ntdll.dll+0x4cc91]


---------------  P R O C E S S  ---------------

Threads class SMR info:
_java_thread_list=0x0000024ed3879890, length=12, elements={
0x0000024eb85856f0, 0x0000024eb8638e40, 0x0000024eb863a2b0, 0x0000024eb864d7c0,
0x0000024eb864e090, 0x0000024eb864e960, 0x0000024eb864f230, 0x0000024eb864fee0,
0x0000024eb8653440, 0x0000024eb8658120, 0x0000024ed35f0dd0, 0x0000024ed35f9b20
}

Java Threads: ( => current thread )
  0x0000024eb85856f0 JavaThread "main" [_thread_in_vm, id=7864, stack(0x00000086b0b00000,0x00000086b0c00000)]
  0x0000024eb8638e40 JavaThread "Reference Handler" daemon [_thread_blocked, id=7888, stack(0x00000086b1200000,0x00000086b1300000)]
  0x0000024eb863a2b0 JavaThread "Finalizer" daemon [_thread_blocked, id=4008, stack(0x00000086b1300000,0x00000086b1400000)]
  0x0000024eb864d7c0 JavaThread "Signal Dispatcher" daemon [_thread_blocked, id=8728, stack(0x00000086b1400000,0x00000086b1500000)]
  0x0000024eb864e090 JavaThread "Attach Listener" daemon [_thread_blocked, id=8388, stack(0x00000086b1500000,0x00000086b1600000)]
  0x0000024eb864e960 JavaThread "Service Thread" daemon [_thread_blocked, id=8296, stack(0x00000086b1600000,0x00000086b1700000)]
  0x0000024eb864f230 JavaThread "Monitor Deflation Thread" daemon [_thread_blocked, id=848, stack(0x00000086b1700000,0x00000086b1800000)]
=>0x0000024eb864fee0 JavaThread "C2 CompilerThread0" daemon [_thread_in_native, id=7564, stack(0x00000086b1800000,0x00000086b1900000)]
  0x0000024eb8653440 JavaThread "C1 CompilerThread0" daemon [_thread_blocked, id=8188, stack(0x00000086b1900000,0x00000086b1a00000)]
  0x0000024eb8658120 JavaThread "Sweeper thread" daemon [_thread_blocked, id=1912, stack(0x00000086b1a00000,0x00000086b1b00000)]
  0x0000024ed35f0dd0 JavaThread "Notification Thread" daemon [_thread_blocked, id=9044, stack(0x00000086b1b00000,0x00000086b1c00000)]
  0x0000024ed35f9b20 JavaThread "Common-Cleaner" daemon [_thread_blocked, id=6120, stack(0x00000086b1d00000,0x00000086b1e00000)]

Other Threads:
  0x0000024eb86323c0 VMThread "VM Thread" [stack: 0x00000086b1100000,0x00000086b1200000] [id=2216]
  0x0000024ed35f96e0 WatcherThread [stack: 0x00000086b1c00000,0x00000086b1d00000] [id=6016]
  0x0000024eb85c09f0 GCTaskThread "GC Thread#0" [stack: 0x00000086b0c00000,0x00000086b0d00000] [id=6888]
  0x0000024ed39173a0 GCTaskThread "GC Thread#1" [stack: 0x00000086b1e00000,0x00000086b1f00000] [id=5180]
  0x0000024eb85cac80 ConcurrentGCThread "G1 Main Marker" [stack: 0x00000086b0d00000,0x00000086b0e00000] [id=4520]
  0x0000024eb85cb5a0 ConcurrentGCThread "G1 Conc#0" [stack: 0x00000086b0e00000,0x00000086b0f00000] [id=8556]
  0x0000024eb8610930 ConcurrentGCThread "G1 Refine#0" [stack: 0x00000086b0f00000,0x00000086b1000000] [id=1044]
  0x0000024eb8613580 ConcurrentGCThread "G1 Service" [stack: 0x00000086b1000000,0x00000086b1100000] [id=4660]

Threads with active compile tasks:
C2 CompilerThread0    11163  685  s!   4       jdk.internal.loader.URLClassPath::getLoader (194 bytes)

VM state: not at safepoint (normal execution)

VM Mutex/Monitor currently owned by a thread:  ([mutex/lock_event])
[0x0000024eb8580770] Metaspace_lock - owner thread: 0x0000024eb85856f0

Heap address: 0x00000000c1c00000, size: 996 MB, Compressed Oops mode: 32-bit

CDS archive(s) mapped at: [0x0000024ed4000000-0x0000024ed4bd0000-0x0000024ed4bd0000), size 12386304, SharedBaseAddress: 0x0000024ed4000000, ArchiveRelocationMode: 1.
Compressed class space mapped at: 0x0000024ed5000000-0x0000024f15000000, reserved size: 1073741824
Narrow klass base: 0x0000024ed4000000, Narrow klass shift: 0, Narrow klass range: 0x100000000

GC Precious Log:
 CPUs: 2 total, 2 available
 Memory: 3983M
 Large Page Support: Disabled
 NUMA Support: Disabled
 Compressed Oops: Enabled (32-bit)
 Heap Region Size: 1M
 Heap Min Capacity: 8M
 Heap Initial Capacity: 64M
 Heap Max Capacity: 996M
 Pre-touch: Disabled
 Parallel Workers: 2
 Concurrent Workers: 1
 Concurrent Refinement Workers: 2
 Periodic GC: Disabled

Heap:
 garbage-first heap   total 65536K, used 5184K [0x00000000c1c00000, 0x0000000100000000)
  region size 1024K, 4 young (4096K), 1 survivors (1024K)
 Metaspace       used 3531K, committed 3648K, reserved 1114112K
  class space    used 374K, committed 448K, reserved 1048576K

Heap Regions: E=young(eden), S=young(survivor), O=old, HS=humongous(starts), HC=humongous(continues), CS=collection set, F=free, OA=open archive, CA=closed archive, TAMS=top-at-mark-start (previous, next)
|   0|0x00000000c1c00000, 0x00000000c1d00000, 0x00000000c1d00000|100%| O|  |TAMS 0x00000000c1c00000, 0x00000000c1c00000| Untracked 
|   1|0x00000000c1d00000, 0x00000000c1e00000, 0x00000000c1e00000|100%| O|  |TAMS 0x00000000c1d00000, 0x00000000c1d00000| Untracked 
|   2|0x00000000c1e00000, 0x00000000c1e10000, 0x00000000c1f00000|  6%| O|  |TAMS 0x00000000c1e00000, 0x00000000c1e00000| Untracked 
|   3|0x00000000c1f00000, 0x00000000c1f00000, 0x00000000c2000000|  0%| F|  |TAMS 0x00000000c1f00000, 0x00000000c1f00000| Untracked 
|   4|0x00000000c2000000, 0x00000000c2000000, 0x00000000c2100000|  0%| F|  |TAMS 0x00000000c2000000, 0x00000000c2000000| Untracked 
|   5|0x00000000c2100000, 0x00000000c2100000, 0x00000000c2200000|  0%| F|  |TAMS 0x00000000c2100000, 0x00000000c2100000| Untracked 
|   6|0x00000000c2200000, 0x00000000c2200000, 0x00000000c2300000|  0%| F|  |TAMS 0x00000000c2200000, 0x00000000c2200000| Untracked 
|   7|0x00000000c2300000, 0x00000000c2300000, 0x00000000c2400000|  0%| F|  |TAMS 0x00000000c2300000, 0x00000000c2300000| Untracked 
|   8|0x00000000c2400000, 0x00000000c2400000, 0x00000000c2500000|  0%| F|  |TAMS 0x00000000c2400000, 0x00000000c2400000| Untracked 
|   9|0x00000000c2500000, 0x00000000c2500000, 0x00000000c2600000|  0%| F|  |TAMS 0x00000000c2500000, 0x00000000c2500000| Untracked 
|  10|0x00000000c2600000, 0x00000000c2600000, 0x00000000c2700000|  0%| F|  |TAMS 0x00000000c2600000, 0x00000000c2600000| Untracked 
|  11|0x00000000c2700000, 0x00000000c2700000, 0x00000000c2800000|  0%| F|  |TAMS 0x00000000c2700000, 0x00000000c2700000| Untracked 
|  12|0x00000000c2800000, 0x00000000c2800000, 0x00000000c2900000|  0%| F|  |TAMS 0x00000000c2800000, 0x00000000c2800000| Untracked 
|  13|0x00000000c2900000, 0x00000000c2900000, 0x00000000c2a00000|  0%| F|  |TAMS 0x00000000c2900000, 0x00000000c2900000| Untracked 
|  14|0x00000000c2a00000, 0x00000000c2a00000, 0x00000000c2b00000|  0%| F|  |TAMS 0x00000000c2a00000, 0x00000000c2a00000| Untracked 
|  15|0x00000000c2b00000, 0x00000000c2b00000, 0x00000000c2c00000|  0%| F|  |TAMS 0x00000000c2b00000, 0x00000000c2b00000| Untracked 
|  16|0x00000000c2c00000, 0x00000000c2c00000, 0x00000000c2d00000|  0%| F|  |TAMS 0x00000000c2c00000, 0x00000000c2c00000| Untracked 
|  17|0x00000000c2d00000, 0x00000000c2d00000, 0x00000000c2e00000|  0%| F|  |TAMS 0x00000000c2d00000, 0x00000000c2d00000| Untracked 
|  18|0x00000000c2e00000, 0x00000000c2e00000, 0x00000000c2f00000|  0%| F|  |TAMS 0x00000000c2e00000, 0x00000000c2e00000| Untracked 
|  19|0x00000000c2f00000, 0x00000000c2f00000, 0x00000000c3000000|  0%| F|  |TAMS 0x00000000c2f00000, 0x00000000c2f00000| Untracked 
|  20|0x00000000c3000000, 0x00000000c3000000, 0x00000000c3100000|  0%| F|  |TAMS 0x00000000c3000000, 0x00000000c3000000| Untracked 
|  21|0x00000000c3100000, 0x00000000c3100000, 0x00000000c3200000|  0%| F|  |TAMS 0x00000000c3100000, 0x00000000c3100000| Untracked 
|  22|0x00000000c3200000, 0x00000000c3200000, 0x00000000c3300000|  0%| F|  |TAMS 0x00000000c3200000, 0x00000000c3200000| Untracked 
|  23|0x00000000c3300000, 0x00000000c3300000, 0x00000000c3400000|  0%| F|  |TAMS 0x00000000c3300000, 0x00000000c3300000| Untracked 
|  24|0x00000000c3400000, 0x00000000c3400000, 0x00000000c3500000|  0%| F|  |TAMS 0x00000000c3400000, 0x00000000c3400000| Untracked 
|  25|0x00000000c3500000, 0x00000000c3500000, 0x00000000c3600000|  0%| F|  |TAMS 0x00000000c3500000, 0x00000000c3500000| Untracked 
|  26|0x00000000c3600000, 0x00000000c3600000, 0x00000000c3700000|  0%| F|  |TAMS 0x00000000c3600000, 0x00000000c3600000| Untracked 
|  27|0x00000000c3700000, 0x00000000c3700000, 0x00000000c3800000|  0%| F|  |TAMS 0x00000000c3700000, 0x00000000c3700000| Untracked 
|  28|0x00000000c3800000, 0x00000000c3800000, 0x00000000c3900000|  0%| F|  |TAMS 0x00000000c3800000, 0x00000000c3800000| Untracked 
|  29|0x00000000c3900000, 0x00000000c3900000, 0x00000000c3a00000|  0%| F|  |TAMS 0x00000000c3900000, 0x00000000c3900000| Untracked 
|  30|0x00000000c3a00000, 0x00000000c3a00000, 0x00000000c3b00000|  0%| F|  |TAMS 0x00000000c3a00000, 0x00000000c3a00000| Untracked 
|  31|0x00000000c3b00000, 0x00000000c3b00000, 0x00000000c3c00000|  0%| F|  |TAMS 0x00000000c3b00000, 0x00000000c3b00000| Untracked 
|  32|0x00000000c3c00000, 0x00000000c3c00000, 0x00000000c3d00000|  0%| F|  |TAMS 0x00000000c3c00000, 0x00000000c3c00000| Untracked 
|  33|0x00000000c3d00000, 0x00000000c3d00000, 0x00000000c3e00000|  0%| F|  |TAMS 0x00000000c3d00000, 0x00000000c3d00000| Untracked 
|  34|0x00000000c3e00000, 0x00000000c3e00000, 0x00000000c3f00000|  0%| F|  |TAMS 0x00000000c3e00000, 0x00000000c3e00000| Untracked 
|  35|0x00000000c3f00000, 0x00000000c3f00000, 0x00000000c4000000|  0%| F|  |TAMS 0x00000000c3f00000, 0x00000000c3f00000| Untracked 
|  36|0x00000000c4000000, 0x00000000c4000000, 0x00000000c4100000|  0%| F|  |TAMS 0x00000000c4000000, 0x00000000c4000000| Untracked 
|  37|0x00000000c4100000, 0x00000000c4100000, 0x00000000c4200000|  0%| F|  |TAMS 0x00000000c4100000, 0x00000000c4100000| Untracked 
|  38|0x00000000c4200000, 0x00000000c4200000, 0x00000000c4300000|  0%| F|  |TAMS 0x00000000c4200000, 0x00000000c4200000| Untracked 
|  39|0x00000000c4300000, 0x00000000c4300000, 0x00000000c4400000|  0%| F|  |TAMS 0x00000000c4300000, 0x00000000c4300000| Untracked 
|  40|0x00000000c4400000, 0x00000000c4400000, 0x00000000c4500000|  0%| F|  |TAMS 0x00000000c4400000, 0x00000000c4400000| Untracked 
|  41|0x00000000c4500000, 0x00000000c4500000, 0x00000000c4600000|  0%| F|  |TAMS 0x00000000c4500000, 0x00000000c4500000| Untracked 
|  42|0x00000000c4600000, 0x00000000c4600000, 0x00000000c4700000|  0%| F|  |TAMS 0x00000000c4600000, 0x00000000c4600000| Untracked 
|  43|0x00000000c4700000, 0x00000000c4700000, 0x00000000c4800000|  0%| F|  |TAMS 0x00000000c4700000, 0x00000000c4700000| Untracked 
|  44|0x00000000c4800000, 0x00000000c4800000, 0x00000000c4900000|  0%| F|  |TAMS 0x00000000c4800000, 0x00000000c4800000| Untracked 
|  45|0x00000000c4900000, 0x00000000c4900000, 0x00000000c4a00000|  0%| F|  |TAMS 0x00000000c4900000, 0x00000000c4900000| Untracked 
|  46|0x00000000c4a00000, 0x00000000c4a00000, 0x00000000c4b00000|  0%| F|  |TAMS 0x00000000c4a00000, 0x00000000c4a00000| Untracked 
|  47|0x00000000c4b00000, 0x00000000c4b00000, 0x00000000c4c00000|  0%| F|  |TAMS 0x00000000c4b00000, 0x00000000c4b00000| Untracked 
|  48|0x00000000c4c00000, 0x00000000c4c00000, 0x00000000c4d00000|  0%| F|  |TAMS 0x00000000c4c00000, 0x00000000c4c00000| Untracked 
|  49|0x00000000c4d00000, 0x00000000c4d00000, 0x00000000c4e00000|  0%| F|  |TAMS 0x00000000c4d00000, 0x00000000c4d00000| Untracked 
|  50|0x00000000c4e00000, 0x00000000c4e00000, 0x00000000c4f00000|  0%| F|  |TAMS 0x00000000c4e00000, 0x00000000c4e00000| Untracked 
|  51|0x00000000c4f00000, 0x00000000c4f00000, 0x00000000c5000000|  0%| F|  |TAMS 0x00000000c4f00000, 0x00000000c4f00000| Untracked 
|  52|0x00000000c5000000, 0x00000000c5000000, 0x00000000c5100000|  0%| F|  |TAMS 0x00000000c5000000, 0x00000000c5000000| Untracked 
|  53|0x00000000c5100000, 0x00000000c5100000, 0x00000000c5200000|  0%| F|  |TAMS 0x00000000c5100000, 0x00000000c5100000| Untracked 
|  54|0x00000000c5200000, 0x00000000c5200000, 0x00000000c5300000|  0%| F|  |TAMS 0x00000000c5200000, 0x00000000c5200000| Untracked 
|  55|0x00000000c5300000, 0x00000000c5300000, 0x00000000c5400000|  0%| F|  |TAMS 0x00000000c5300000, 0x00000000c5300000| Untracked 
|  56|0x00000000c5400000, 0x00000000c5400000, 0x00000000c5500000|  0%| F|  |TAMS 0x00000000c5400000, 0x00000000c5400000| Untracked 
|  57|0x00000000c5500000, 0x00000000c5500000, 0x00000000c5600000|  0%| F|  |TAMS 0x00000000c5500000, 0x00000000c5500000| Untracked 
|  58|0x00000000c5600000, 0x00000000c5600000, 0x00000000c5700000|  0%| F|  |TAMS 0x00000000c5600000, 0x00000000c5600000| Untracked 
|  59|0x00000000c5700000, 0x00000000c5800000, 0x00000000c5800000|100%| S|CS|TAMS 0x00000000c5700000, 0x00000000c5700000| Complete 
|  60|0x00000000c5800000, 0x00000000c5800000, 0x00000000c5900000|  0%| F|  |TAMS 0x00000000c5800000, 0x00000000c5800000| Untracked 
|  61|0x00000000c5900000, 0x00000000c595e650, 0x00000000c5a00000| 36%| E|  |TAMS 0x00000000c5900000, 0x00000000c5900000| Complete 
|  62|0x00000000c5a00000, 0x00000000c5b00000, 0x00000000c5b00000|100%| E|CS|TAMS 0x00000000c5a00000, 0x00000000c5a00000| Complete 
|  63|0x00000000c5b00000, 0x00000000c5c00000, 0x00000000c5c00000|100%| E|CS|TAMS 0x00000000c5b00000, 0x00000000c5b00000| Complete 

Card table byte_map: [0x0000024ecee50000,0x0000024ecf050000] _byte_map_base: 0x0000024ece842000

Marking Bits (Prev, Next): (CMBitMap*) 0x0000024eb85c0f20, (CMBitMap*) 0x0000024eb85c0f60
 Prev Bits: [0x0000024ecf250000, 0x0000024ed01e0000)
 Next Bits: [0x0000024ed01e0000, 0x0000024ed1170000)

Polling page: 0x0000024eb65a0000

Metaspace:

Usage:
  Non-class:      3.08 MB used.
      Class:    374.33 KB used.
       Both:      3.45 MB used.

Virtual space:
  Non-class space:       64.00 MB reserved,       3.12 MB (  5%) committed,  1 nodes.
      Class space:        1.00 GB reserved,     448.00 KB ( <1%) committed,  1 nodes.
             Both:        1.06 GB reserved,       3.56 MB ( <1%) committed. 

Chunk freelists:
   Non-Class:  10.30 MB
       Class:  15.48 MB
        Both:  25.78 MB

MaxMetaspaceSize: unlimited
CompressedClassSpaceSize: 1.00 GB
Initial GC threshold: 21.00 MB
Current GC threshold: 21.00 MB
CDS: on
MetaspaceReclaimPolicy: balanced
 - commit_granule_bytes: 65536.
 - commit_granule_words: 8192.
 - virtual_space_node_default_size: 8388608.
 - enlarge_chunks_in_place: 1.
 - new_chunks_are_fully_committed: 0.
 - uncommit_free_chunks: 1.
 - use_allocation_guard: 0.
 - handle_deallocations: 1.


Internal statistics:

num_allocs_failed_limit: 0.
num_arena_births: 34.
num_arena_deaths: 0.
num_vsnodes_births: 2.
num_vsnodes_deaths: 0.
num_space_committed: 57.
num_space_uncommitted: 0.
num_chunks_returned_to_freelist: 0.
num_chunks_taken_from_freelist: 135.
num_chunk_merges: 0.
num_chunk_splits: 84.
num_chunks_enlarged: 67.
num_inconsistent_stats: 0.

CodeHeap 'non-profiled nmethods': size=120064Kb used=215Kb max_used=215Kb free=119849Kb
 bounds [0x0000024ec7910000, 0x0000024ec7b80000, 0x0000024ecee50000]
CodeHeap 'profiled nmethods': size=120000Kb used=1638Kb max_used=1638Kb free=118361Kb
 bounds [0x0000024ebfe50000, 0x0000024ec00c0000, 0x0000024ec7380000]
CodeHeap 'non-nmethods': size=5696Kb used=1135Kb max_used=1135Kb free=4560Kb
 bounds [0x0000024ec7380000, 0x0000024ec75f0000, 0x0000024ec7910000]
 total_blobs=1221 nmethods=800 adapters=335
 compilation: enabled
              stopped_count=0, restarted_count=0
 full_count=0

Compilation events (20 events):
Event: 8.193 Thread 0x0000024eb8653440 nmethod 677 0x0000024ebff89410 code [0x0000024ebff89700, 0x0000024ebff8a868]
Event: 8.193 Thread 0x0000024eb8653440  678       3       java.util.zip.ZipUtils::CENOFF (9 bytes)
Event: 8.193 Thread 0x0000024eb8653440 nmethod 678 0x0000024ebff8b310 code [0x0000024ebff8b4c0, 0x0000024ebff8b798]
Event: 8.193 Thread 0x0000024eb8653440  679   !   3       java.util.zip.ZipFile$CleanableResource::getInflater (47 bytes)
Event: 8.194 Thread 0x0000024eb8653440 nmethod 679 0x0000024ebff8b910 code [0x0000024ebff8bae0, 0x0000024ebff8bfd8]
Event: 8.194 Thread 0x0000024eb8653440  680       3       java.util.ArrayDeque::poll (5 bytes)
Event: 8.194 Thread 0x0000024eb8653440 nmethod 680 0x0000024ebff8c190 code [0x0000024ebff8c340, 0x0000024ebff8c488]
Event: 8.194 Thread 0x0000024eb8653440  681       3       java.util.zip.ZipFile$ZipFileInflaterInputStream::<init> (41 bytes)
Event: 8.195 Thread 0x0000024eb8653440 nmethod 681 0x0000024ebff8c510 code [0x0000024ebff8c6e0, 0x0000024ebff8cb98]
Event: 8.195 Thread 0x0000024eb8653440  682       3       java.util.zip.ZipFile$ZipFileInflaterInputStream::fill (80 bytes)
Event: 8.196 Thread 0x0000024eb8653440 nmethod 682 0x0000024ebff8cd90 code [0x0000024ebff8cf60, 0x0000024ebff8d348]
Event: 8.196 Thread 0x0000024eb8653440  683   !   3       java.util.zip.ZipFile$ZipFileInputStream::read (135 bytes)
Event: 8.196 Thread 0x0000024eb864fee0  685  s!   4       jdk.internal.loader.URLClassPath::getLoader (194 bytes)
Event: 8.197 Thread 0x0000024eb8653440 nmethod 683 0x0000024ebff8d510 code [0x0000024ebff8d720, 0x0000024ebff8ddb8]
Event: 8.197 Thread 0x0000024eb8653440  684       3       java.util.zip.ZipFile::ensureOpenOrZipException (19 bytes)
Event: 8.197 Thread 0x0000024eb8653440 nmethod 684 0x0000024ebff8e110 code [0x0000024ebff8e2c0, 0x0000024ebff8e488]
Event: 8.199 Thread 0x0000024eb8653440  686       3       java.util.zip.InflaterInputStream::close (34 bytes)
Event: 8.200 Thread 0x0000024eb8653440 nmethod 686 0x0000024ebff8e590 code [0x0000024ebff8e740, 0x0000024ebff8e9f8]
Event: 8.200 Thread 0x0000024eb8653440  687   !   3       java.util.concurrent.ConcurrentHashMap::computeIfAbsent (576 bytes)
Event: 8.205 Thread 0x0000024eb8653440 nmethod 687 0x0000024ebff8eb10 code [0x0000024ebff8ef20, 0x0000024ebff912f8]

GC Heap History (2 events):
Event: 7.262 GC heap before
{Heap before GC invocations=0 (full 0):
 garbage-first heap   total 65536K, used 5120K [0x00000000c1c00000, 0x0000000100000000)
  region size 1024K, 6 young (6144K), 0 survivors (0K)
 Metaspace       used 1857K, committed 2048K, reserved 1114112K
  class space    used 182K, committed 256K, reserved 1048576K
}
Event: 7.298 GC heap after
{Heap after GC invocations=1 (full 0):
 garbage-first heap   total 65536K, used 2122K [0x00000000c1c00000, 0x0000000100000000)
  region size 1024K, 1 young (1024K), 1 survivors (1024K)
 Metaspace       used 1857K, committed 2048K, reserved 1114112K
  class space    used 182K, committed 256K, reserved 1048576K
}

Deoptimization events (18 events):
Event: 5.920 Thread 0x0000024eb85856f0 Uncommon trap: trap_request=0xffffff45 fr.pc=0x0000024ec7921864 relative=0x0000000000000064
Event: 5.920 Thread 0x0000024eb85856f0 Uncommon trap: reason=unstable_if action=reinterpret pc=0x0000024ec7921864 method=java.io.WinNTFileSystem.isSlash(C)Z @ 9 c2
Event: 5.946 Thread 0x0000024eb85856f0 DEOPT PACKING pc=0x0000024ec7921864 sp=0x00000086b0bfe6e0
Event: 5.946 Thread 0x0000024eb85856f0 DEOPT UNPACKING pc=0x0000024ec73d23a3 sp=0x00000086b0bfe668 mode 2
Event: 6.332 Thread 0x0000024ed38616d0 DEOPT PACKING pc=0x0000024ebfe85768 sp=0x00000086b1efec70
Event: 6.332 Thread 0x0000024ed38616d0 DEOPT UNPACKING pc=0x0000024ec73d2b43 sp=0x00000086b1efe100 mode 0
Event: 7.435 Thread 0x0000024eb85856f0 DEOPT PACKING pc=0x0000024ebfe83cd6 sp=0x00000086b0bfdf50
Event: 7.435 Thread 0x0000024eb85856f0 DEOPT UNPACKING pc=0x0000024ec73d2b43 sp=0x00000086b0bfd3f0 mode 0
Event: 7.524 Thread 0x0000024eb85856f0 DEOPT PACKING pc=0x0000024ebfea5f65 sp=0x00000086b0bfba30
Event: 7.524 Thread 0x0000024eb85856f0 DEOPT UNPACKING pc=0x0000024ec73d2b43 sp=0x00000086b0bfae80 mode 0
Event: 8.170 Thread 0x0000024eb85856f0 Uncommon trap: trap_request=0xffffff45 fr.pc=0x0000024ec791d590 relative=0x00000000000003f0
Event: 8.170 Thread 0x0000024eb85856f0 Uncommon trap: reason=unstable_if action=reinterpret pc=0x0000024ec791d590 method=java.lang.StringLatin1.canEncode(I)Z @ 4 c2
Event: 8.170 Thread 0x0000024eb85856f0 DEOPT PACKING pc=0x0000024ec791d590 sp=0x00000086b0bfdf70
Event: 8.170 Thread 0x0000024eb85856f0 DEOPT UNPACKING pc=0x0000024ec73d23a3 sp=0x00000086b0bfde88 mode 2
Event: 8.170 Thread 0x0000024eb85856f0 Uncommon trap: trap_request=0xffffff45 fr.pc=0x0000024ec791b57c relative=0x00000000000003dc
Event: 8.170 Thread 0x0000024eb85856f0 Uncommon trap: reason=unstable_if action=reinterpret pc=0x0000024ec791b57c method=java.lang.AbstractStringBuilder.isLatin1()Z @ 10 c2
Event: 8.170 Thread 0x0000024eb85856f0 DEOPT PACKING pc=0x0000024ec791b57c sp=0x00000086b0bfdf70
Event: 8.170 Thread 0x0000024eb85856f0 DEOPT UNPACKING pc=0x0000024ec73d23a3 sp=0x00000086b0bfdef0 mode 2

Classes unloaded (0 events):
No events

Classes redefined (0 events):
No events

Internal exceptions (20 events):
Event: 6.128 Thread 0x0000024eb85856f0 Exception <a 'java/lang/NullPointerException'{0x00000000c58e3430}> (0x00000000c58e3430) 
thrown [s\open\src\hotspot\share\interpreter\linkResolver.cpp, line 1350]
Event: 6.289 Thread 0x0000024eb85856f0 Exception <a 'java/lang/NoSuchMethodError'{0x00000000c572b670}: 'void java.lang.invoke.DirectMethodHandle$Holder.invokeStatic(java.lang.Object, long, java.lang.Object)'> (0x00000000c572b670) 
thrown [s\open\src\hotspot\share\interpreter\linkResolver.cpp, line 759]
Event: 6.293 Thread 0x0000024eb85856f0 Exception <a 'java/lang/NoSuchMethodError'{0x00000000c57316d8}: 'java.lang.Object java.lang.invoke.DirectMethodHandle$Holder.newInvokeSpecial(java.lang.Object, long, java.lang.Object)'> (0x00000000c57316d8) 
thrown [s\open\src\hotspot\share\interpreter\linkResolver.cpp, line 759]
Event: 6.300 Thread 0x0000024eb85856f0 Exception <a 'java/lang/NullPointerException'{0x00000000c573dda0}> (0x00000000c573dda0) 
thrown [s\open\src\hotspot\share\interpreter\linkResolver.cpp, line 1350]
Event: 6.300 Thread 0x0000024eb85856f0 Exception <a 'java/lang/NullPointerException'{0x00000000c573e078}> (0x00000000c573e078) 
thrown [s\open\src\hotspot\share\interpreter\linkResolver.cpp, line 1350]
Event: 6.300 Thread 0x0000024eb85856f0 Exception <a 'java/lang/NullPointerException'{0x00000000c573e350}> (0x00000000c573e350) 
thrown [s\open\src\hotspot\share\interpreter\linkResolver.cpp, line 1350]
Event: 6.304 Thread 0x0000024eb85856f0 Exception <a 'java/lang/NullPointerException'{0x00000000c5744d78}> (0x00000000c5744d78) 
thrown [s\open\src\hotspot\share\interpreter\linkResolver.cpp, line 1350]
Event: 6.323 Thread 0x0000024eb85856f0 Exception <a 'java/lang/NullPointerException'{0x00000000c575a9d0}> (0x00000000c575a9d0) 
thrown [s\open\src\hotspot\share\interpreter\linkResolver.cpp, line 1350]
Event: 6.323 Thread 0x0000024eb85856f0 Exception <a 'java/lang/NullPointerException'{0x00000000c575aca8}> (0x00000000c575aca8) 
thrown [s\open\src\hotspot\share\interpreter\linkResolver.cpp, line 1350]
Event: 6.323 Thread 0x0000024eb85856f0 Exception <a 'java/lang/NullPointerException'{0x00000000c575af80}> (0x00000000c575af80) 
thrown [s\open\src\hotspot\share\interpreter\linkResolver.cpp, line 1350]
Event: 6.323 Thread 0x0000024eb85856f0 Exception <a 'java/lang/NullPointerException'{0x00000000c575b258}> (0x00000000c575b258) 
thrown [s\open\src\hotspot\share\interpreter\linkResolver.cpp, line 1350]
Event: 6.390 Thread 0x0000024eb85856f0 Exception <a 'sun/nio/fs/WindowsException'{0x00000000c5788fa0}> (0x00000000c5788fa0) 
thrown [s\open\src\hotspot\share\prims\jni.cpp, line 516]
Event: 6.509 Thread 0x0000024eb85856f0 Exception <a 'sun/nio/fs/WindowsException'{0x00000000c57896d8}> (0x00000000c57896d8) 
thrown [s\open\src\hotspot\share\prims\jni.cpp, line 516]
Event: 6.509 Thread 0x0000024eb85856f0 Exception <a 'sun/nio/fs/WindowsException'{0x00000000c5789f10}> (0x00000000c5789f10) 
thrown [s\open\src\hotspot\share\prims\jni.cpp, line 516]
Event: 6.509 Thread 0x0000024eb85856f0 Exception <a 'sun/nio/fs/WindowsException'{0x00000000c578a488}> (0x00000000c578a488) 
thrown [s\open\src\hotspot\share\prims\jni.cpp, line 516]
Event: 6.509 Thread 0x0000024eb85856f0 Exception <a 'sun/nio/fs/WindowsException'{0x00000000c578a940}> (0x00000000c578a940) 
thrown [s\open\src\hotspot\share\prims\jni.cpp, line 516]
Event: 6.573 Thread 0x0000024eb85856f0 Exception <a 'java/lang/NoSuchMethodError'{0x00000000c57dc758}: 'void java.lang.invoke.DirectMethodHandle$Holder.invokeStatic(java.lang.Object, java.lang.Object)'> (0x00000000c57dc758) 
thrown [s\open\src\hotspot\share\interpreter\linkResolver.cpp, line 759]
Event: 6.574 Thread 0x0000024eb85856f0 Exception <a 'java/lang/NoSuchMethodError'{0x00000000c57e0070}: 'void java.lang.invoke.DirectMethodHandle$Holder.invokeStaticInit(java.lang.Object, java.lang.Object)'> (0x00000000c57e0070) 
thrown [s\open\src\hotspot\share\interpreter\linkResolver.cpp, line 759]
Event: 6.683 Thread 0x0000024eb85856f0 Exception <a 'java/lang/NoSuchMethodError'{0x00000000c561b5f8}: 'void java.lang.invoke.DirectMethodHandle$Holder.invokeStatic(java.lang.Object, java.lang.Object, java.lang.Object)'> (0x00000000c561b5f8) 
thrown [s\open\src\hotspot\share\interpreter\linkResolver.cpp, line 759]
Event: 7.518 Thread 0x0000024eb85856f0 Exception <a 'java/lang/NoSuchMethodError'{0x00000000c5bb28b8}: 'java.lang.Object java.lang.invoke.DirectMethodHandle$Holder.invokeSpecialIFC(java.lang.Object, java.lang.Object, java.lang.Object, java.lang.Object)'> (0x00000000c5bb28b8) 
thrown [s\open\src\hotspot\share\interpreter\linkResolver.cpp, line 759]

VM Operations (20 events):
Event: 1.867 Executing VM operation: HandshakeAllThreads
Event: 1.867 Executing VM operation: HandshakeAllThreads done
Event: 2.879 Executing VM operation: Cleanup
Event: 2.894 Executing VM operation: Cleanup done
Event: 3.910 Executing VM operation: Cleanup
Event: 3.910 Executing VM operation: Cleanup done
Event: 4.914 Executing VM operation: Cleanup
Event: 4.914 Executing VM operation: Cleanup done
Event: 5.930 Executing VM operation: Cleanup
Event: 5.946 Executing VM operation: Cleanup done
Event: 6.119 Executing VM operation: HandshakeAllThreads
Event: 6.119 Executing VM operation: HandshakeAllThreads done
Event: 6.238 Executing VM operation: HandshakeAllThreads
Event: 6.238 Executing VM operation: HandshakeAllThreads done
Event: 7.227 Executing VM operation: Cleanup
Event: 7.258 Executing VM operation: Cleanup done
Event: 7.262 Executing VM operation: G1CollectForAllocation
Event: 7.298 Executing VM operation: G1CollectForAllocation done
Event: 7.725 Executing VM operation: HandshakeAllThreads
Event: 7.725 Executing VM operation: HandshakeAllThreads done

Events (20 events):
Event: 7.738 loading class java/util/concurrent/locks/ReentrantReadWriteLock$Sync done
Event: 7.738 loading class java/util/concurrent/locks/ReentrantReadWriteLock$NonfairSync done
Event: 7.738 loading class java/util/concurrent/locks/ReentrantReadWriteLock$Sync$ThreadLocalHoldCounter
Event: 7.738 loading class java/util/concurrent/locks/ReentrantReadWriteLock$Sync$ThreadLocalHoldCounter done
Event: 7.738 loading class java/util/concurrent/locks/ReentrantReadWriteLock$ReadLock
Event: 7.738 loading class java/util/concurrent/locks/ReentrantReadWriteLock$ReadLock done
Event: 7.738 loading class java/util/concurrent/locks/ReentrantReadWriteLock$WriteLock
Event: 7.738 loading class java/util/concurrent/locks/ReentrantReadWriteLock$WriteLock done
Event: 7.815 loading class java/text/ParseException
Event: 7.845 loading class java/text/ParseException done
Event: 7.960 loading class sun/util/calendar/ZoneInfoFile$Checksum
Event: 7.992 loading class sun/util/calendar/ZoneInfoFile$Checksum done
Event: 7.996 loading class jdk/internal/module/ModulePatcher$PatchedModuleReader
Event: 8.042 loading class jdk/internal/module/ModulePatcher$PatchedModuleReader done
Event: 8.042 loading class sun/net/www/protocol/jrt/Handler
Event: 8.045 loading class sun/net/www/protocol/jrt/Handler done
Event: 8.167 loading class sun/text/resources/cldr/FormatData_en
Event: 8.168 loading class sun/text/resources/cldr/FormatData_en done
Event: 8.169 loading class sun/text/resources/cldr/FormatData_en_US
Event: 8.169 loading class sun/text/resources/cldr/FormatData_en_US done


Dynamic libraries:
0x00007ff79d030000 - 0x00007ff79d040000 	C:\Program Files\Java\jdk-17\bin\java.exe
0x00007ffe4e530000 - 0x00007ffe4e728000 	C:\WINDOWS\SYSTEM32\ntdll.dll
0x00007ffe4d940000 - 0x00007ffe4da02000 	C:\WINDOWS\System32\KERNEL32.DLL
0x00007ffe4be40000 - 0x00007ffe4c13f000 	C:\WINDOWS\System32\KERNELBASE.dll
0x00007ffe4bc70000 - 0x00007ffe4bd70000 	C:\WINDOWS\System32\ucrtbase.dll
0x00007ffe480a0000 - 0x00007ffe480b9000 	C:\Program Files\Java\jdk-17\bin\jli.dll
0x00007ffe4c660000 - 0x00007ffe4c70f000 	C:\WINDOWS\System32\ADVAPI32.dll
0x00007ffe4dfc0000 - 0x00007ffe4e05e000 	C:\WINDOWS\System32\msvcrt.dll
0x00007ffe4df20000 - 0x00007ffe4dfbf000 	C:\WINDOWS\System32\sechost.dll
0x00007ffe4e270000 - 0x00007ffe4e393000 	C:\WINDOWS\System32\RPCRT4.dll
0x00007ffe4be10000 - 0x00007ffe4be37000 	C:\WINDOWS\System32\bcrypt.dll
0x00007ffe4cd20000 - 0x00007ffe4cebd000 	C:\WINDOWS\System32\USER32.dll
0x00007ffe4bd70000 - 0x00007ffe4bd92000 	C:\WINDOWS\System32\win32u.dll
0x00007ffe4e3a0000 - 0x00007ffe4e3cb000 	C:\WINDOWS\System32\GDI32.dll
0x00007ffe4c190000 - 0x00007ffe4c2aa000 	C:\WINDOWS\System32\gdi32full.dll
0x00007ffe4bbd0000 - 0x00007ffe4bc6d000 	C:\WINDOWS\System32\msvcp_win.dll
0x00007ffe3a0b0000 - 0x00007ffe3a34a000 	C:\WINDOWS\WinSxS\amd64_microsoft.windows.common-controls_6595b64144ccf1df_6.0.19041.4355_none_60b8b9eb71f62e16\COMCTL32.dll
0x00007ffe427e0000 - 0x00007ffe427ea000 	C:\WINDOWS\SYSTEM32\VERSION.dll
0x00007ffe47710000 - 0x00007ffe4772b000 	C:\Program Files\Java\jdk-17\bin\VCRUNTIME140.dll
0x00007ffe4d630000 - 0x00007ffe4d65f000 	C:\WINDOWS\System32\IMM32.DLL
0x00007ffe49190000 - 0x00007ffe4919c000 	C:\Program Files\Java\jdk-17\bin\vcruntime140_1.dll
0x00007ffe32e70000 - 0x00007ffe32efe000 	C:\Program Files\Java\jdk-17\bin\msvcp140.dll
0x00007ffe0b050000 - 0x00007ffe0bc30000 	C:\Program Files\Java\jdk-17\bin\server\jvm.dll
0x00007ffe4de80000 - 0x00007ffe4de88000 	C:\WINDOWS\System32\PSAPI.DLL
0x00007ffe44200000 - 0x00007ffe44209000 	C:\WINDOWS\SYSTEM32\WSOCK32.dll
0x00007ffe4d8d0000 - 0x00007ffe4d93b000 	C:\WINDOWS\System32\WS2_32.dll
0x00007ffe3eb00000 - 0x00007ffe3eb27000 	C:\WINDOWS\SYSTEM32\WINMM.dll
0x00007ffe49940000 - 0x00007ffe49952000 	C:\WINDOWS\SYSTEM32\kernel.appcore.dll
0x00007ffe48a50000 - 0x00007ffe48a5a000 	C:\Program Files\Java\jdk-17\bin\jimage.dll
0x00007ffe31320000 - 0x00007ffe31504000 	C:\WINDOWS\SYSTEM32\DBGHELP.DLL
0x00007ffe41cf0000 - 0x00007ffe41d24000 	C:\WINDOWS\SYSTEM32\dbgcore.DLL
0x00007ffe4c2b0000 - 0x00007ffe4c332000 	C:\WINDOWS\System32\bcryptPrimitives.dll
0x00007ffe456e0000 - 0x00007ffe45705000 	C:\Program Files\Java\jdk-17\bin\java.dll
0x00007ffe32d90000 - 0x00007ffe32e67000 	C:\Program Files\Java\jdk-17\bin\jsvml.dll
0x00007ffe4cec0000 - 0x00007ffe4d62d000 	C:\WINDOWS\System32\SHELL32.dll
0x00007ffe49c50000 - 0x00007ffe4a3f4000 	C:\WINDOWS\SYSTEM32\windows.storage.dll
0x00007ffe4dac0000 - 0x00007ffe4de15000 	C:\WINDOWS\System32\combase.dll
0x00007ffe4b530000 - 0x00007ffe4b55b000 	C:\WINDOWS\SYSTEM32\Wldp.dll
0x00007ffe4c710000 - 0x00007ffe4c7dd000 	C:\WINDOWS\System32\OLEAUT32.dll
0x00007ffe4c5b0000 - 0x00007ffe4c65d000 	C:\WINDOWS\System32\SHCORE.dll
0x00007ffe4de20000 - 0x00007ffe4de75000 	C:\WINDOWS\System32\shlwapi.dll
0x00007ffe4bb00000 - 0x00007ffe4bb25000 	C:\WINDOWS\SYSTEM32\profapi.dll
0x00007ffe45290000 - 0x00007ffe452a9000 	C:\Program Files\Java\jdk-17\bin\net.dll
0x00007ffe433d0000 - 0x00007ffe434da000 	C:\WINDOWS\SYSTEM32\WINHTTP.dll
0x00007ffe4b290000 - 0x00007ffe4b2fc000 	C:\WINDOWS\system32\mswsock.dll
0x00007ffe43e00000 - 0x00007ffe43e16000 	C:\Program Files\Java\jdk-17\bin\nio.dll
0x00007ffe3c070000 - 0x00007ffe3c088000 	C:\Program Files\Java\jdk-17\bin\zip.dll
0x00007ffe3c040000 - 0x00007ffe3c064000 	C:\Program Files\Maven\apache-maven-3.9.9\lib\jansi-native\Windows\x86_64\jansi.dll
0x00007ffe48a30000 - 0x00007ffe48a40000 	C:\Program Files\Java\jdk-17\bin\verify.dll

dbghelp: loaded successfully - version: 4.0.5 - missing functions: none
symbol engine: initialized successfully - sym options: 0x614 - pdb path: .;C:\Program Files\Java\jdk-17\bin;C:\WINDOWS\SYSTEM32;C:\WINDOWS\WinSxS\amd64_microsoft.windows.common-controls_6595b64144ccf1df_6.0.19041.4355_none_60b8b9eb71f62e16;C:\Program Files\Java\jdk-17\bin\server;C:\Program Files\Maven\apache-maven-3.9.9\lib\jansi-native\Windows\x86_64

VM Arguments:
jvm_args: -Dclassworlds.conf=C:\Program Files\Maven\apache-maven-3.9.9\bin\m2.conf -Dmaven.home=C:\Program Files\Maven\apache-maven-3.9.9 -Dlibrary.jansi.path=C:\Program Files\Maven\apache-maven-3.9.9\lib\jansi-native -Dmaven.multiModuleProjectDirectory=C:\AEM Training Projects\aem\codebase\myTraining 
java_command: org.codehaus.plexus.classworlds.launcher.Launcher clean
java_class_path (initial): C:\Program Files\Maven\apache-maven-3.9.9\boot\plexus-classworlds-2.8.0.jar
Launcher Type: SUN_STANDARD

[Global flags]
     intx CICompilerCount                          = 2                                         {product} {ergonomic}
     uint ConcGCThreads                            = 1                                         {product} {ergonomic}
     uint G1ConcRefinementThreads                  = 2                                         {product} {ergonomic}
   size_t G1HeapRegionSize                         = 1048576                                   {product} {ergonomic}
    uintx GCDrainStackTargetSize                   = 64                                        {product} {ergonomic}
   size_t InitialHeapSize                          = 67108864                                  {product} {ergonomic}
   size_t MarkStackSize                            = 4194304                                   {product} {ergonomic}
   size_t MaxHeapSize                              = 1044381696                                {product} {ergonomic}
   size_t MaxNewSize                               = 625999872                                 {product} {ergonomic}
   size_t MinHeapDeltaBytes                        = 1048576                                   {product} {ergonomic}
   size_t MinHeapSize                              = 8388608                                   {product} {ergonomic}
    uintx NonNMethodCodeHeapSize                   = 5826188                                {pd product} {ergonomic}
    uintx NonProfiledCodeHeapSize                  = 122916026                              {pd product} {ergonomic}
    uintx ProfiledCodeHeapSize                     = 122916026                              {pd product} {ergonomic}
    uintx ReservedCodeCacheSize                    = 251658240                              {pd product} {ergonomic}
     bool SegmentedCodeCache                       = true                                      {product} {ergonomic}
   size_t SoftMaxHeapSize                          = 1044381696                             {manageable} {ergonomic}
     bool UseCompressedClassPointers               = true                           {product lp64_product} {ergonomic}
     bool UseCompressedOops                        = true                           {product lp64_product} {ergonomic}
     bool UseG1GC                                  = true                                      {product} {ergonomic}
     bool UseLargePagesIndividualAllocation        = false                                  {pd product} {ergonomic}

Logging:
Log output configuration:
 #0: stdout all=warning uptime,level,tags
 #1: stderr all=off uptime,level,tags

Environment Variables:
JAVA_HOME=C:\Program Files\Java\jdk-17
PATH=C:\Program Files\Java\jdk-11\bin;C:\Program Files\Common Files\Oracle\Java\javapath;C:\WINDOWS\system32;C:\WINDOWS;C:\WINDOWS\System32\Wbem;C:\WINDOWS\System32\WindowsPowerShell\v1.0\;C:\WINDOWS\System32\OpenSSH\;D:\nvm;D:\nodejs;D:\NodeNew\;D:\Git\cmd;C:\Users\Siva\AppData\Local\Pub\Cache\bin;C:\Program Files\Maven\apache-maven-3.9.9\bin;D:\flutter\flutter\bin;C:\Users\Siva\AppData\Local\Microsoft\WindowsApps;C:\Users\Siva\Downloads\Microsoft VS Code\bin;D:\nvm;D:\nodejs;C:\Users\Siva\AppData\Roaming\npm;D:\IntelliJ IDEA 2024.3.5\bin;;D:\IntelliJ IDEA Community Edition 2024.3.5\bin;
USERNAME=Siva
OS=Windows_NT
PROCESSOR_IDENTIFIER=AMD64 Family 21 Model 112 Stepping 0, AuthenticAMD



---------------  S Y S T E M  ---------------

OS:
 Windows 10 , 64 bit Build 19041 (10.0.19041.5438)
OS uptime: 0 days 6:26 hours

CPU: total 2 (initial active 2) (2 cores per cpu, 1 threads per core) family 21 model 112 stepping 0 microcode 0x0, cx8, cmov, fxsr, mmx, 3dnowpref, sse, sse2, sse3, ssse3, sse4a, sse4.1, sse4.2, popcnt, lzcnt, tsc, tscinvbit, avx, avx2, aes, clmul, bmi1, bmi2, fma, vzeroupper, clflush

Memory: 4k page, system-wide physical 3983M (182M free)
TotalPageFile size 10127M (AvailPageFile size 11M)
current process WorkingSet (physical memory assigned to process): 55M, peak: 55M
current process commit charge ("private bytes"): 142M, peak: 142M

vm_info: Java HotSpot(TM) 64-Bit Server VM (17.0.12+8-LTS-286) for windows-amd64 JRE (17.0.12+8-LTS-286), built on Jun  5 2024 06:46:59 by "mach5one" with MS VC++ 17.6 (VS2022)

END.
